# JRE version: OpenJDK Runtime Environment (Zulu 8.52.0.23-CA-win64) (8.0_282-b08) (build 1.8.0_282-b08)
# Java VM: OpenJDK 64-Bit Server VM (25.282-b08 mixed mode windows-amd64 compressed oops)
Heap:
 PSYoungGen      total 132096K, used 30600K [0x00000000d5580000, 0x00000000e0900000, 0x0000000100000000)
  eden space 125952K, 19% used [0x00000000d5580000,0x00000000d6d62d60,0x00000000dd080000)
  from space 6144K, 99% used [0x00000000dd080000,0x00000000dd67f570,0x00000000dd680000)
  to   space 8704K, 0% used [0x00000000e0080000,0x00000000e0080000,0x00000000e0900000)
 ParOldGen       total 32768K, used 17191K [0x0000000080000000, 0x0000000082000000, 0x00000000d5580000)
  object space 32768K, 52% used [0x0000000080000000,0x00000000810c9c00,0x0000000082000000)
 Metaspace       used 30482K, capacity 31374K, committed 31616K, reserved 1077248K
  class space    used 3615K, capacity 3892K, committed 3968K, reserved 1048576K
GC Heap History (10 events):
Event: 5.013 GC heap before
{Heap before GC invocations=10 (full 0):
 PSYoungGen      total 63488K, used 54974K [0x00000000d5580000, 0x00000000dbc80000, 0x0000000100000000)
  eden space 59392K, 85% used [0x00000000d5580000,0x00000000d8736698,0x00000000d8f80000)
  from space 4096K, 99% used [0x00000000d8f80000,0x00000000d9379278,0x00000000d9380000)
  to   space 5120K, 0% used [0x00000000db780000,0x00000000db780000,0x00000000dbc80000)
 ParOldGen       total 38400K, used 7996K [0x0000000080000000, 0x0000000082580000, 0x00000000d5580000)
  object space 38400K, 20% used [0x0000000080000000,0x00000000807cf3e8,0x0000000082580000)
 Metaspace       used 20793K, capacity 21090K, committed 21296K, reserved 1069056K
  class space    used 2313K, capacity 2429K, committed 2432K, reserved 1048576K
Event: 5.025 GC heap after
Heap after GC invocations=10 (full 0):
 PSYoungGen      total 99328K, used 5104K [0x00000000d5580000, 0x00000000dbe80000, 0x0000000100000000)
  eden space 94208K, 0% used [0x00000000d5580000,0x00000000d5580000,0x00000000db180000)
  from space 5120K, 99% used [0x00000000db780000,0x00000000dbc7c0c0,0x00000000dbc80000)
  to   space 6144K, 0% used [0x00000000db180000,0x00000000db180000,0x00000000db780000)
 ParOldGen       total 38400K, used 8827K [0x0000000080000000, 0x0000000082580000, 0x00000000d5580000)
  object space 38400K, 22% used [0x0000000080000000,0x000000008089ed18,0x0000000082580000)
 Metaspace       used 20793K, capacity 21090K, committed 21296K, reserved 1069056K
  class space    used 2313K, capacity 2429K, committed 2432K, reserved 1048576K
}
Event: 5.025 GC heap before
{Heap before GC invocations=11 (full 1):
 PSYoungGen      total 99328K, used 5104K [0x00000000d5580000, 0x00000000dbe80000, 0x0000000100000000)
  eden space 94208K, 0% used [0x00000000d5580000,0x00000000d5580000,0x00000000db180000)
  from space 5120K, 99% used [0x00000000db780000,0x00000000dbc7c0c0,0x00000000dbc80000)
  to   space 6144K, 0% used [0x00000000db180000,0x00000000db180000,0x00000000db780000)
 ParOldGen       total 38400K, used 8827K [0x0000000080000000, 0x0000000082580000, 0x00000000d5580000)
  object space 38400K, 22% used [0x0000000080000000,0x000000008089ed18,0x0000000082580000)
 Metaspace       used 20793K, capacity 21090K, committed 21296K, reserved 1069056K
  class space    used 2313K, capacity 2429K, committed 2432K, reserved 1048576K
Event: 5.075 GC heap after
Heap after GC invocations=11 (full 1):
 PSYoungGen      total 99328K, used 0K [0x00000000d5580000, 0x00000000dbe80000, 0x0000000100000000)
  eden space 94208K, 0% used [0x00000000d5580000,0x00000000d5580000,0x00000000db180000)
  from space 5120K, 0% used [0x00000000db780000,0x00000000db780000,0x00000000dbc80000)
  to   space 6144K, 0% used [0x00000000db180000,0x00000000db180000,0x00000000db780000)
 ParOldGen       total 32768K, used 9925K [0x0000000080000000, 0x0000000082000000, 0x00000000d5580000)
  object space 32768K, 30% used [0x0000000080000000,0x00000000809b1768,0x0000000082000000)
 Metaspace       used 20793K, capacity 21090K, committed 21296K, reserved 1069056K
  class space    used 2313K, capacity 2429K, committed 2432K, reserved 1048576K
}
Event: 5.941 GC heap before
{Heap before GC invocations=12 (full 1):
 PSYoungGen      total 99328K, used 94208K [0x00000000d5580000, 0x00000000dbe80000, 0x0000000100000000)
  eden space 94208K, 100% used [0x00000000d5580000,0x00000000db180000,0x00000000db180000)
  from space 5120K, 0% used [0x00000000db780000,0x00000000db780000,0x00000000dbc80000)
  to   space 6144K, 0% used [0x00000000db180000,0x00000000db180000,0x00000000db780000)
 ParOldGen       total 32768K, used 9925K [0x0000000080000000, 0x0000000082000000, 0x00000000d5580000)
  object space 32768K, 30% used [0x0000000080000000,0x00000000809b1768,0x0000000082000000)
 Metaspace       used 22072K, capacity 22410K, committed 22704K, reserved 1069056K
  class space    used 2421K, capacity 2546K, committed 2560K, reserved 1048576K
Event: 5.946 GC heap after
Heap after GC invocations=12 (full 1):
 PSYoungGen      total 100352K, used 2569K [0x00000000d5580000, 0x00000000ddc00000, 0x0000000100000000)
  eden space 94208K, 0% used [0x00000000d5580000,0x00000000d5580000,0x00000000db180000)
  from space 6144K, 41% used [0x00000000db180000,0x00000000db4026a8,0x00000000db780000)
  to   space 5632K, 0% used [0x00000000dd680000,0x00000000dd680000,0x00000000ddc00000)
 ParOldGen       total 32768K, used 9933K [0x0000000080000000, 0x0000000082000000, 0x00000000d5580000)
  object space 32768K, 30% used [0x0000000080000000,0x00000000809b3768,0x0000000082000000)
 Metaspace       used 22072K, capacity 22410K, committed 22704K, reserved 1069056K
  class space    used 2421K, capacity 2546K, committed 2560K, reserved 1048576K
}
Event: 6.602 GC heap before
{Heap before GC invocations=13 (full 1):
 PSYoungGen      total 100352K, used 96777K [0x00000000d5580000, 0x00000000ddc00000, 0x0000000100000000)
  eden space 94208K, 100% used [0x00000000d5580000,0x00000000db180000,0x00000000db180000)
  from space 6144K, 41% used [0x00000000db180000,0x00000000db4026a8,0x00000000db780000)
  to   space 5632K, 0% used [0x00000000dd680000,0x00000000dd680000,0x00000000ddc00000)
 ParOldGen       total 32768K, used 9933K [0x0000000080000000, 0x0000000082000000, 0x00000000d5580000)
  object space 32768K, 30% used [0x0000000080000000,0x00000000809b3768,0x0000000082000000)
 Metaspace       used 23429K, capacity 23782K, committed 24064K, reserved 1071104K
  class space    used 2626K, capacity 2746K, committed 2816K, reserved 1048576K
Event: 6.614 GC heap after
Heap after GC invocations=13 (full 1):
 PSYoungGen      total 131584K, used 5088K [0x00000000d5580000, 0x00000000dde00000, 0x0000000100000000)
  eden space 125952K, 0% used [0x00000000d5580000,0x00000000d5580000,0x00000000dd080000)
  from space 5632K, 90% used [0x00000000dd680000,0x00000000ddb78000,0x00000000ddc00000)
  to   space 6144K, 0% used [0x00000000dd080000,0x00000000dd080000,0x00000000dd680000)
 ParOldGen       total 32768K, used 12005K [0x0000000080000000, 0x0000000082000000, 0x00000000d5580000)
  object space 32768K, 36% used [0x0000000080000000,0x0000000080bb97e8,0x0000000082000000)
 Metaspace       used 23429K, capacity 23782K, committed 24064K, reserved 1071104K
  class space    used 2626K, capacity 2746K, committed 2816K, reserved 1048576K
}
Event: 12.048 GC heap before
{Heap before GC invocations=14 (full 1):
 PSYoungGen      total 131584K, used 131040K [0x00000000d5580000, 0x00000000dde00000, 0x0000000100000000)
  eden space 125952K, 100% used [0x00000000d5580000,0x00000000dd080000,0x00000000dd080000)
  from space 5632K, 90% used [0x00000000dd680000,0x00000000ddb78000,0x00000000ddc00000)
  to   space 6144K, 0% used [0x00000000dd080000,0x00000000dd080000,0x00000000dd680000)
 ParOldGen       total 32768K, used 12005K [0x0000000080000000, 0x0000000082000000, 0x00000000d5580000)
  object space 32768K, 36% used [0x0000000080000000,0x0000000080bb97e8,0x0000000082000000)
 Metaspace       used 30348K, capacity 31226K, committed 31360K, reserved 1077248K
  class space    used 3604K, capacity 3866K, committed 3968K, reserved 1048576K
Event: 12.065 GC heap after
Heap after GC invocations=14 (full 1):
 PSYoungGen      total 132096K, used 6141K [0x00000000d5580000, 0x00000000e0900000, 0x0000000100000000)
  eden space 125952K, 0% used [0x00000000d5580000,0x00000000d5580000,0x00000000dd080000)
  from space 6144K, 99% used [0x00000000dd080000,0x00000000dd67f570,0x00000000dd680000)
  to   space 8704K, 0% used [0x00000000e0080000,0x00000000e0080000,0x00000000e0900000)
 ParOldGen       total 32768K, used 17191K [0x0000000080000000, 0x0000000082000000, 0x00000000d5580000)
  object space 32768K, 52% used [0x0000000080000000,0x00000000810c9c00,0x0000000082000000)
 Metaspace       used 30348K, capacity 31226K, committed 31360K, reserved 1077248K
  class space    used 3604K, capacity 3866K, committed 3968K, reserved 1048576K
}

