# JRE version: OpenJDK Runtime Environment (Zulu 8.52.0.23-CA-win64) (8.0_282-b08) (build 1.8.0_282-b08)
# Java VM: OpenJDK 64-Bit Server VM (25.282-b08 mixed mode windows-amd64 compressed oops)
Heap:
 PSYoungGen      total 190976K, used 81823K [0x00000000d5580000, 0x00000000e3200000, 0x0000000100000000)
  eden space 183808K, 40% used [0x00000000d5580000,0x00000000d9e6d470,0x00000000e0900000)
  from space 7168K, 99% used [0x00000000e0900000,0x00000000e0ffa9b0,0x00000000e1000000)
  to   space 10752K, 0% used [0x00000000e2780000,0x00000000e2780000,0x00000000e3200000)
 ParOldGen       total 33792K, used 16737K [0x0000000080000000, 0x0000000082100000, 0x00000000d5580000)
  object space 33792K, 49% used [0x0000000080000000,0x00000000810586d0,0x0000000082100000)
 Metaspace       used 30540K, capacity 31408K, committed 31616K, reserved 1077248K
  class space    used 3620K, capacity 3902K, committed 3968K, reserved 1048576K
GC Heap History (10 events):
Event: 3.359 GC heap before
{Heap before GC invocations=8 (full 0):
 PSYoungGen      total 63488K, used 63486K [0x00000000d5580000, 0x00000000dd480000, 0x0000000100000000)
  eden space 59392K, 100% used [0x00000000d5580000,0x00000000d8f80000,0x00000000d8f80000)
  from space 4096K, 99% used [0x00000000d8f80000,0x00000000d937fa48,0x00000000d9380000)
  to   space 5632K, 0% used [0x00000000dcf00000,0x00000000dcf00000,0x00000000dd480000)
 ParOldGen       total 38400K, used 7707K [0x0000000080000000, 0x0000000082580000, 0x00000000d5580000)
  object space 38400K, 20% used [0x0000000080000000,0x0000000080786eb0,0x0000000082580000)
 Metaspace       used 19805K, capacity 20094K, committed 20608K, reserved 1067008K
  class space    used 2196K, capacity 2314K, committed 2432K, reserved 1048576K
Event: 3.373 GC heap after
Heap after GC invocations=8 (full 0):
 PSYoungGen      total 122880K, used 5619K [0x00000000d5580000, 0x00000000dd780000, 0x0000000100000000)
  eden space 117248K, 0% used [0x00000000d5580000,0x00000000d5580000,0x00000000dc800000)
  from space 5632K, 99% used [0x00000000dcf00000,0x00000000dd47cef0,0x00000000dd480000)
  to   space 7168K, 0% used [0x00000000dc800000,0x00000000dc800000,0x00000000dcf00000)
 ParOldGen       total 38400K, used 9114K [0x0000000080000000, 0x0000000082580000, 0x00000000d5580000)
  object space 38400K, 23% used [0x0000000080000000,0x00000000808e6b60,0x0000000082580000)
 Metaspace       used 19805K, capacity 20094K, committed 20608K, reserved 1067008K
  class space    used 2196K, capacity 2314K, committed 2432K, reserved 1048576K
}
Event: 3.923 GC heap before
{Heap before GC invocations=9 (full 0):
 PSYoungGen      total 122880K, used 26776K [0x00000000d5580000, 0x00000000dd780000, 0x0000000100000000)
  eden space 117248K, 18% used [0x00000000d5580000,0x00000000d6a294b8,0x00000000dc800000)
  from space 5632K, 99% used [0x00000000dcf00000,0x00000000dd47cef0,0x00000000dd480000)
  to   space 7168K, 0% used [0x00000000dc800000,0x00000000dc800000,0x00000000dcf00000)
 ParOldGen       total 38400K, used 9114K [0x0000000080000000, 0x0000000082580000, 0x00000000d5580000)
  object space 38400K, 23% used [0x0000000080000000,0x00000000808e6b60,0x0000000082580000)
 Metaspace       used 20828K, capacity 21090K, committed 21296K, reserved 1069056K
  class space    used 2313K, capacity 2429K, committed 2432K, reserved 1048576K
Event: 3.936 GC heap after
Heap after GC invocations=9 (full 0):
 PSYoungGen      total 124416K, used 4968K [0x00000000d5580000, 0x00000000e1b00000, 0x0000000100000000)
  eden space 117248K, 0% used [0x00000000d5580000,0x00000000d5580000,0x00000000dc800000)
  from space 7168K, 69% used [0x00000000dc800000,0x00000000dccda1a0,0x00000000dcf00000)
  to   space 7168K, 0% used [0x00000000e1400000,0x00000000e1400000,0x00000000e1b00000)
 ParOldGen       total 38400K, used 9486K [0x0000000080000000, 0x0000000082580000, 0x00000000d5580000)
  object space 38400K, 24% used [0x0000000080000000,0x0000000080943bd0,0x0000000082580000)
 Metaspace       used 20828K, capacity 21090K, committed 21296K, reserved 1069056K
  class space    used 2313K, capacity 2429K, committed 2432K, reserved 1048576K
}
Event: 3.936 GC heap before
{Heap before GC invocations=10 (full 1):
 PSYoungGen      total 124416K, used 4968K [0x00000000d5580000, 0x00000000e1b00000, 0x0000000100000000)
  eden space 117248K, 0% used [0x00000000d5580000,0x00000000d5580000,0x00000000dc800000)
  from space 7168K, 69% used [0x00000000dc800000,0x00000000dccda1a0,0x00000000dcf00000)
  to   space 7168K, 0% used [0x00000000e1400000,0x00000000e1400000,0x00000000e1b00000)
 ParOldGen       total 38400K, used 9486K [0x0000000080000000, 0x0000000082580000, 0x00000000d5580000)
  object space 38400K, 24% used [0x0000000080000000,0x0000000080943bd0,0x0000000082580000)
 Metaspace       used 20828K, capacity 21090K, committed 21296K, reserved 1069056K
  class space    used 2313K, capacity 2429K, committed 2432K, reserved 1048576K
Event: 3.983 GC heap after
Heap after GC invocations=10 (full 1):
 PSYoungGen      total 124416K, used 0K [0x00000000d5580000, 0x00000000e1b00000, 0x0000000100000000)
  eden space 117248K, 0% used [0x00000000d5580000,0x00000000d5580000,0x00000000dc800000)
  from space 7168K, 0% used [0x00000000dc800000,0x00000000dc800000,0x00000000dcf00000)
  to   space 7168K, 0% used [0x00000000e1400000,0x00000000e1400000,0x00000000e1b00000)
 ParOldGen       total 33792K, used 10120K [0x0000000080000000, 0x0000000082100000, 0x00000000d5580000)
  object space 33792K, 29% used [0x0000000080000000,0x00000000809e2168,0x0000000082100000)
 Metaspace       used 20828K, capacity 21090K, committed 21296K, reserved 1069056K
  class space    used 2313K, capacity 2429K, committed 2432K, reserved 1048576K
}
Event: 4.787 GC heap before
{Heap before GC invocations=11 (full 1):
 PSYoungGen      total 124416K, used 117248K [0x00000000d5580000, 0x00000000e1b00000, 0x0000000100000000)
  eden space 117248K, 100% used [0x00000000d5580000,0x00000000dc800000,0x00000000dc800000)
  from space 7168K, 0% used [0x00000000dc800000,0x00000000dc800000,0x00000000dcf00000)
  to   space 7168K, 0% used [0x00000000e1400000,0x00000000e1400000,0x00000000e1b00000)
 ParOldGen       total 33792K, used 10120K [0x0000000080000000, 0x0000000082100000, 0x00000000d5580000)
  object space 33792K, 29% used [0x0000000080000000,0x00000000809e2168,0x0000000082100000)
 Metaspace       used 22112K, capacity 22410K, committed 22704K, reserved 1069056K
  class space    used 2421K, capacity 2546K, committed 2560K, reserved 1048576K
Event: 4.793 GC heap after
Heap after GC invocations=11 (full 1):
 PSYoungGen      total 159232K, used 2622K [0x00000000d5580000, 0x00000000e1700000, 0x0000000100000000)
  eden space 156160K, 0% used [0x00000000d5580000,0x00000000d5580000,0x00000000dee00000)
  from space 3072K, 85% used [0x00000000e1400000,0x00000000e168fbb8,0x00000000e1700000)
  to   space 7168K, 0% used [0x00000000e0900000,0x00000000e0900000,0x00000000e1000000)
 ParOldGen       total 33792K, used 10128K [0x0000000080000000, 0x0000000082100000, 0x00000000d5580000)
  object space 33792K, 29% used [0x0000000080000000,0x00000000809e4168,0x0000000082100000)
 Metaspace       used 22112K, capacity 22410K, committed 22704K, reserved 1069056K
  class space    used 2421K, capacity 2546K, committed 2560K, reserved 1048576K
}
Event: 7.636 GC heap before
{Heap before GC invocations=12 (full 1):
 PSYoungGen      total 159232K, used 158782K [0x00000000d5580000, 0x00000000e1700000, 0x0000000100000000)
  eden space 156160K, 100% used [0x00000000d5580000,0x00000000dee00000,0x00000000dee00000)
  from space 3072K, 85% used [0x00000000e1400000,0x00000000e168fbb8,0x00000000e1700000)
  to   space 7168K, 0% used [0x00000000e0900000,0x00000000e0900000,0x00000000e1000000)
 ParOldGen       total 33792K, used 10128K [0x0000000080000000, 0x0000000082100000, 0x00000000d5580000)
  object space 33792K, 29% used [0x0000000080000000,0x00000000809e4168,0x0000000082100000)
 Metaspace       used 29583K, capacity 30414K, committed 30720K, reserved 1077248K
  class space    used 3505K, capacity 3748K, committed 3840K, reserved 1048576K
Event: 7.653 GC heap after
Heap after GC invocations=12 (full 1):
 PSYoungGen      total 190976K, used 7146K [0x00000000d5580000, 0x00000000e3200000, 0x0000000100000000)
  eden space 183808K, 0% used [0x00000000d5580000,0x00000000d5580000,0x00000000e0900000)
  from space 7168K, 99% used [0x00000000e0900000,0x00000000e0ffa9b0,0x00000000e1000000)
  to   space 10752K, 0% used [0x00000000e2780000,0x00000000e2780000,0x00000000e3200000)
 ParOldGen       total 33792K, used 16737K [0x0000000080000000, 0x0000000082100000, 0x00000000d5580000)
  object space 33792K, 49% used [0x0000000080000000,0x00000000810586d0,0x0000000082100000)
 Metaspace       used 29583K, capacity 30414K, committed 30720K, reserved 1077248K
  class space    used 3505K, capacity 3748K, committed 3840K, reserved 1048576K
}

