<?xml version="1.0" encoding="UTF-8"?>
<testsuite xmlns:xsi="http://www.w3.org/2001/XMLSchema-instance" xsi:noNamespaceSchemaLocation="https://maven.apache.org/surefire/maven-failsafe-plugin/xsd/failsafe-test-report-3.0.xsd" version="3.0" name="Nomizo.acceptancetests.AcceptanceTestSuite" time="2,559.795" tests="39" errors="17" skipped="0" failures="0">
  <properties>
[...]
</properties>
  <testcase name="Login Scenario #1" classname="Nomizo app" time="39.535">
    <system-out><![CDATA[
Scenario Outline: Login Scenario                      &amp#27;[90m# src/test/resources/features/nomizo.feature:15&amp#27;[0m
  &amp#27;[32mGiven &amp#27;[0m&amp#27;[32mI am on loading page&amp#27;[0m                          &amp#27;[90m# Nomizo.steps.nomizoSteps.iAmOnLoadingPage()&amp#27;[0m
  &amp#27;[32mAnd &amp#27;[0m&amp#27;[32mI click skip button&amp#27;[0m                             &amp#27;[90m# Nomizo.steps.nomizoSteps.iClickSkipButton()&amp#27;[0m
  &amp#27;[32mWhen &amp#27;[0m&amp#27;[32mI input &amp#27;[0m&amp#27;[32m&amp#27;[1m"laksono651@gmail.com"&amp#27;[0m&amp#27;[32m email&amp#27;[0m           &amp#27;[90m# Nomizo.steps.nomizoSteps.iInputEmail(java.lang.String)&amp#27;[0m
  &amp#27;[32mAnd &amp#27;[0m&amp#27;[32mI input &amp#27;[0m&amp#27;[32m&amp#27;[1m"Test1234"&amp#27;[0m&amp#27;[32m password&amp#27;[0m                     &amp#27;[90m# Nomizo.steps.nomizoSteps.iInputPassword(java.lang.String)&amp#27;[0m
  &amp#27;[32mAnd &amp#27;[0m&amp#27;[32mI click login button&amp#27;[0m                            &amp#27;[90m# Nomizo.steps.nomizoSteps.iClickLoginButton()&amp#27;[0m
  &amp#27;[32mThen &amp#27;[0m&amp#27;[32mI validate &amp#27;[0m&amp#27;[32m&amp#27;[1m"success admin"&amp#27;[0m&amp#27;[32m error message login&amp#27;[0m &amp#27;[90m# Nomizo.steps.nomizoSteps.iValidateErrorMessage(java.lang.String)&amp#27;[0m
]]></system-out>
    <system-err><![CDATA[[main] INFO io.cucumber.core.plugin.SerenityReporter - Running feature from file:///D:/KULIAH/Alterra%20Academy/Final%20Project/Mobile/Nomizo-Mobile/src/test/resources/features/nomizo.feature
[main] WARN io.cucumber.core.plugin.SerenityReporter - Feature from file:///D:/KULIAH/Alterra%20Academy/Final%20Project/Mobile/Nomizo-Mobile/src/test/resources/features/nomizo.feature is not under the 'features' directory. Requirements report will not be correctly generated!
[main] INFO  - 

-------------------------------------------------------------------------------------
     _______. _______ .______       _______ .__   __.  __  .___________.____    ____ 
    /       ||   ____||   _  \     |   ____||  \ |  | |  | |           |\   \  /   / 
   |   (----`|  |__   |  |_)  |    |  |__   |   \|  | |  | `---|  |----` \   \/   /  
    \   \    |   __|  |      /     |   __|  |  . `  | |  |     |  |       \_    _/   
.----)   |   |  |____ |  |\  \----.|  |____ |  |\   | |  |     |  |         |  |     
|_______/    |_______|| _| `._____||_______||__| \__| |__|     |__|         |__|    
                                                                                     
 News and tutorials at http://www.serenity-bdd.info                                  
 Documentation at https://wakaleo.gitbooks.io/the-serenity-book/content/             
 Join the Serenity Community on Gitter: https://gitter.im/serenity-bdd/serenity-core 
 Serenity BDD Support and Training at http://serenity-bdd.info/#/trainingandsupport  
-------------------------------------------------------------------------------------

[main] INFO  - Test Suite Started: Nomizo app
[main] INFO io.cucumber.core.plugin.SerenityReporter - Running feature from file:///D:/KULIAH/Alterra%20Academy/Final%20Project/Mobile/Nomizo-Mobile/src/test/resources/features/nomizo.feature
[main] WARN io.cucumber.core.plugin.SerenityReporter - Feature from file:///D:/KULIAH/Alterra%20Academy/Final%20Project/Mobile/Nomizo-Mobile/src/test/resources/features/nomizo.feature is not under the 'features' directory. Requirements report will not be correctly generated!
[main] INFO  - 
 _____ _____ ____ _____   ____ _____  _    ____ _____ _____ ____  
|_   _| ____/ ___|_   _| / ___|_   _|/ \  |  _ \_   _| ____|  _ \ 
  | | |  _| \___ \ | |   \___ \ | | / _ \ | |_) || | |  _| | | | |
  | | | |___ ___) || |    ___) || |/ ___ \|  _ < | | | |___| |_| |
  |_| |_____|____/ |_|   |____/ |_/_/   \_\_| \_\|_| |_____|____/ 

Login Scenario(nomizo-app;login-scenario)
-------------------------------------------------------------------
Jul 22, 2022 1:55:15 AM io.appium.java_client.remote.AppiumCommandExecutor$1 lambda$0
INFO: Detected dialect: W3C
[main] INFO  - 
        __    _____ _____ ____ _____   ____   _    ____  ____  _____ ____  
  _     \ \  |_   _| ____/ ___|_   _| |  _ \ / \  / ___|/ ___|| ____|  _ \ 
 (_)_____| |   | | |  _| \___ \ | |   | |_) / _ \ \___ \\___ \|  _| | | | |
  _|_____| |   | | | |___ ___) || |   |  __/ ___ \ ___) |___) | |___| |_| |
 (_)     | |   |_| |_____|____/ |_|   |_| /_/   \_\____/|____/|_____|____/ 
        /_/                                                                

Login Scenario
----------------------------------------------------------------------------
]]></system-err>
  </testcase>
  <testcase name="Login Scenario #2" classname="Nomizo app" time="87.852">
    <error type="org.openqa.selenium.TimeoutException"><![CDATA[org.openqa.selenium.TimeoutException: Expected condition failed: waiting for visibility of element located by By.xpath: //android.view.View[@content-desc="Profil"] (tried for 60 second(s) with 5000 milliseconds interval)
Caused by: org.openqa.selenium.NoSuchElementException: 
An element could not be located on the page using the given search parameters.
For documentation on this error, please visit: https://www.seleniumhq.org/exceptions/no_such_element.html
Build info: version: '3.141.59', revision: 'e82be7d358', time: '2018-11-14T08:17:03'
System info: host: 'DESKTOP-B1UUVVQ', ip: '192.168.0.172', os.name: 'Windows 10', os.arch: 'amd64', os.version: '10.0', java.version: '15.0.2'
Driver info: io.appium.java_client.android.AndroidDriver
Capabilities {app: D:\KULIAH\Alterra Academy\F..., appPackage: com.example.capstone_project, automationName: UIAutomator2, databaseEnabled: false, desired: {app: D:\KULIAH\Alterra Academy\F..., automationName: UIAutomator2, platformName: android, platformVersion: 11, resetKeyboard: true, unicodeKeyboard: true}, deviceApiLevel: 30, deviceManufacturer: unknown, deviceModel: Android SDK built for x86, deviceName: emulator-5554, deviceScreenDensity: 440, deviceScreenSize: 1080x2340, deviceUDID: emulator-5554, javascriptEnabled: true, locationContextEnabled: false, networkConnectionEnabled: true, pixelRatio: 2.75, platform: LINUX, platformName: Android, platformVersion: 11, resetKeyboard: true, statBarHeight: 136, takesScreenshot: true, unicodeKeyboard: true, viewportRect: {height: 1936, left: 0, top: 136, width: 1080}, warnings: {}, webStorageEnabled: false}
Session ID: e8293597-4e7f-4350-9d11-520a95c37cb3
*** Element info: {Using=xpath, value=//android.view.View[@content-desc="Profil"]}
]]></error>
    <system-out><![CDATA[
Scenario Outline: Login Scenario                     &amp#27;[90m# src/test/resources/features/nomizo.feature:16&amp#27;[0m
  &amp#27;[32mGiven &amp#27;[0m&amp#27;[32mI am on loading page&amp#27;[0m                         &amp#27;[90m# Nomizo.steps.nomizoSteps.iAmOnLoadingPage()&amp#27;[0m
  &amp#27;[32mAnd &amp#27;[0m&amp#27;[32mI click skip button&amp#27;[0m                            &amp#27;[90m# Nomizo.steps.nomizoSteps.iClickSkipButton()&amp#27;[0m
  &amp#27;[32mWhen &amp#27;[0m&amp#27;[32mI input &amp#27;[0m&amp#27;[32m&amp#27;[1m"qe1@gmail.com"&amp#27;[0m&amp#27;[32m email&amp#27;[0m                 &amp#27;[90m# Nomizo.steps.nomizoSteps.iInputEmail(java.lang.String)&amp#27;[0m
  &amp#27;[32mAnd &amp#27;[0m&amp#27;[32mI input &amp#27;[0m&amp#27;[32m&amp#27;[1m"Test1234"&amp#27;[0m&amp#27;[32m password&amp#27;[0m                    &amp#27;[90m# Nomizo.steps.nomizoSteps.iInputPassword(java.lang.String)&amp#27;[0m
  &amp#27;[32mAnd &amp#27;[0m&amp#27;[32mI click login button&amp#27;[0m                           &amp#27;[90m# Nomizo.steps.nomizoSteps.iClickLoginButton()&amp#27;[0m
  &amp#27;[31mThen &amp#27;[0m&amp#27;[31mI validate &amp#27;[0m&amp#27;[31m&amp#27;[1m"success user"&amp#27;[0m&amp#27;[31m error message login&amp#27;[0m &amp#27;[90m# Nomizo.steps.nomizoSteps.iValidateErrorMessage(java.lang.String)&amp#27;[0m
      &amp#27;[31morg.openqa.selenium.TimeoutException: Expected condition failed: waiting for visibility of element located by By.xpath: //android.view.View[@content-desc="Profil"] (tried for 60 second(s) with 5000 milliseconds interval)
	at org.openqa.selenium.support.ui.WebDriverWait.timeoutException(WebDriverWait.java:95)
	at org.openqa.selenium.support.ui.FluentWait.until(FluentWait.java:272)
	at Nomizo.Mobile@1.0-SNAPSHOT/Nomizo.base.BasePageObject.find(BasePageObject.java:23)
	at Nomizo.Mobile@1.0-SNAPSHOT/Nomizo.pages.homepage.homePage.buttonProfileAppears(homePage.java:92)
	at Nomizo.Mobile@1.0-SNAPSHOT/Nomizo.steps.nomizoSteps.iValidateErrorMessage(nomizoSteps.java:72)
	at âœ½.I validate "success user" error message login(file:///D:/KULIAH/Alterra%20Academy/Final%20Project/Mobile/Nomizo-Mobile/src/test/resources/features/nomizo.feature:12)
Caused by: org.openqa.selenium.NoSuchElementException: An element could not be located on the page using the given search parameters.
For documentation on this error, please visit: https://www.seleniumhq.org/exceptions/no_such_element.html
Build info: version: '3.141.59', revision: 'e82be7d358', time: '2018-11-14T08:17:03'
System info: host: 'DESKTOP-B1UUVVQ', ip: '192.168.0.172', os.name: 'Windows 10', os.arch: 'amd64', os.version: '10.0', java.version: '15.0.2'
Driver info: io.appium.java_client.android.AndroidDriver
Capabilities {app: D:\KULIAH\Alterra Academy\F..., appPackage: com.example.capstone_project, automationName: UIAutomator2, databaseEnabled: false, desired: {app: D:\KULIAH\Alterra Academy\F..., automationName: UIAutomator2, platformName: android, platformVersion: 11, resetKeyboard: true, unicodeKeyboard: true}, deviceApiLevel: 30, deviceManufacturer: unknown, deviceModel: Android SDK built for x86, deviceName: emulator-5554, deviceScreenDensity: 440, deviceScreenSize: 1080x2340, deviceUDID: emulator-5554, javascriptEnabled: true, locationContextEnabled: false, networkConnectionEnabled: true, pixelRatio: 2.75, platform: LINUX, platformName: Android, platformVersion: 11, resetKeyboard: true, statBarHeight: 136, takesScreenshot: true, unicodeKeyboard: true, viewportRect: {height: 1936, left: 0, top: 136, width: 1080}, warnings: {}, webStorageEnabled: false}
Session ID: e8293597-4e7f-4350-9d11-520a95c37cb3
*** Element info: {Using=xpath, value=//android.view.View[@content-desc="Profil"]}
	at jdk.internal.reflect.GeneratedConstructorAccessor11.newInstance(Unknown Source)
	at java.base/jdk.internal.reflect.DelegatingConstructorAccessorImpl.newInstance(DelegatingConstructorAccessorImpl.java:45)
	at java.base/java.lang.reflect.Constructor.newInstanceWithCaller(Constructor.java:500)
	at java.base/java.lang.reflect.Constructor.newInstance(Constructor.java:481)
	at org.openqa.selenium.remote.http.W3CHttpResponseCodec.createException(W3CHttpResponseCodec.java:187)
	at org.openqa.selenium.remote.http.W3CHttpResponseCodec.decode(W3CHttpResponseCodec.java:122)
	at org.openqa.selenium.remote.http.W3CHttpResponseCodec.decode(W3CHttpResponseCodec.java:49)
	at org.openqa.selenium.remote.HttpCommandExecutor.execute(HttpCommandExecutor.java:158)
	at io.appium.java_client.remote.AppiumCommandExecutor.execute(AppiumCommandExecutor.java:250)
	at org.openqa.selenium.remote.RemoteWebDriver.execute(RemoteWebDriver.java:552)
	at io.appium.java_client.DefaultGenericMobileDriver.execute(DefaultGenericMobileDriver.java:41)
	at io.appium.java_client.AppiumDriver.execute(AppiumDriver.java:1)
	at io.appium.java_client.android.AndroidDriver.execute(AndroidDriver.java:1)
	at org.openqa.selenium.remote.RemoteWebDriver.findElement(RemoteWebDriver.java:323)
	at io.appium.java_client.DefaultGenericMobileDriver.findElement(DefaultGenericMobileDriver.java:61)
	at io.appium.java_client.AppiumDriver.findElement(AppiumDriver.java:1)
	at io.appium.java_client.android.AndroidDriver.findElement(AndroidDriver.java:1)
	at org.openqa.selenium.remote.RemoteWebDriver.findElementByXPath(RemoteWebDriver.java:428)
	at io.appium.java_client.DefaultGenericMobileDriver.findElementByXPath(DefaultGenericMobileDriver.java:151)
	at io.appium.java_client.AppiumDriver.findElementByXPath(AppiumDriver.java:1)
	at io.appium.java_client.android.AndroidDriver.findElementByXPath(AndroidDriver.java:1)
	at org.openqa.selenium.By$ByXPath.findElement(By.java:353)
	at org.openqa.selenium.remote.RemoteWebDriver.findElement(RemoteWebDriver.java:315)
	at io.appium.java_client.DefaultGenericMobileDriver.findElement(DefaultGenericMobileDriver.java:57)
	at io.appium.java_client.AppiumDriver.findElement(AppiumDriver.java:1)
	at io.appium.java_client.android.AndroidDriver.findElement(AndroidDriver.java:1)
	at org.openqa.selenium.support.ui.ExpectedConditions$7.apply(ExpectedConditions.java:205)
	at org.openqa.selenium.support.ui.ExpectedConditions$7.apply(ExpectedConditions.java:201)
	at org.openqa.selenium.support.ui.FluentWait.until(FluentWait.java:249)
	at Nomizo.Mobile@1.0-SNAPSHOT/Nomizo.base.BasePageObject.find(BasePageObject.java:23)
	at Nomizo.Mobile@1.0-SNAPSHOT/Nomizo.pages.homepage.homePage.buttonProfileAppears(homePage.java:92)
	at Nomizo.Mobile@1.0-SNAPSHOT/Nomizo.steps.nomizoSteps.iValidateErrorMessage(nomizoSteps.java:72)
	at java.base/jdk.internal.reflect.NativeMethodAccessorImpl.invoke0(Native Method)
	at java.base/jdk.internal.reflect.NativeMethodAccessorImpl.invoke(NativeMethodAccessorImpl.java:64)
	at java.base/jdk.internal.reflect.DelegatingMethodAccessorImpl.invoke(DelegatingMethodAccessorImpl.java:43)
	at java.base/java.lang.reflect.Method.invoke(Method.java:564)
	at io.cucumber.java.Invoker.doInvoke(Invoker.java:66)
	at io.cucumber.java.Invoker.invoke(Invoker.java:24)
	at io.cucumber.java.AbstractGlueDefinition.invokeMethod(AbstractGlueDefinition.java:47)
	at io.cucumber.java.JavaStepDefinition.execute(JavaStepDefinition.java:29)
	at io.cucumber.core.runner.CoreStepDefinition.execute(CoreStepDefinition.java:66)
	at io.cucumber.core.runner.PickleStepDefinitionMatch.runStep(PickleStepDefinitionMatch.java:63)
	at io.cucumber.core.runner.TestStep.executeStep(TestStep.java:92)
	at io.cucumber.core.runner.TestStep.run(TestStep.java:63)
	at io.cucumber.core.runner.PickleStepTestStep.run(PickleStepTestStep.java:49)
	at io.cucumber.core.runner.TestCase.run(TestCase.java:99)
	at io.cucumber.core.runner.Runner.runPickle(Runner.java:71)
	at io.cucumber.junit.PickleRunners$NoStepDescriptions.run(PickleRunners.java:151)
	at io.cucumber.junit.FeatureRunner.runChild(FeatureRunner.java:135)
	at io.cucumber.junit.FeatureRunner.runChild(FeatureRunner.java:27)
	at org.junit.runners.ParentRunner$3.run(ParentRunner.java:290)
	at org.junit.runners.ParentRunner$1.schedule(ParentRunner.java:71)
	at org.junit.runners.ParentRunner.runChildren(ParentRunner.java:288)
	at org.junit.runners.ParentRunner.access$000(ParentRunner.java:58)
	at org.junit.runners.ParentRunner$2.evaluate(ParentRunner.java:268)
	at org.junit.runners.ParentRunner.run(ParentRunner.java:363)
	at io.cucumber.junit.CucumberSerenityRunner.runChild(CucumberSerenityRunner.java:234)
	at io.cucumber.junit.CucumberSerenityRunner.runChild(CucumberSerenityRunner.java:57)
	at org.junit.runners.ParentRunner$3.run(ParentRunner.java:290)
	at org.junit.runners.ParentRunner$1.schedule(ParentRunner.java:71)
	at org.junit.runners.ParentRunner.runChildren(ParentRunner.java:288)
	at org.junit.runners.ParentRunner.access$000(ParentRunner.java:58)
	at org.junit.runners.ParentRunner$2.evaluate(ParentRunner.java:268)
	at io.cucumber.junit.CucumberSerenityRunner$RunCucumber.evaluate(CucumberSerenityRunner.java:262)
	at org.junit.runners.ParentRunner.run(ParentRunner.java:363)
	at org.junit.runner.JUnitCore.run(JUnitCore.java:137)
	at org.junit.runner.JUnitCore.run(JUnitCore.java:115)
	at org.junit.vintage.engine.execution.RunnerExecutor.execute(RunnerExecutor.java:40)
	at java.base/java.util.stream.ForEachOps$ForEachOp$OfRef.accept(ForEachOps.java:183)
	at java.base/java.util.stream.ReferencePipeline$3$1.accept(ReferencePipeline.java:195)
	at java.base/java.util.Iterator.forEachRemaining(Iterator.java:133)
	at java.base/java.util.Spliterators$IteratorSpliterator.forEachRemaining(Spliterators.java:1801)
	at java.base/java.util.stream.AbstractPipeline.copyInto(AbstractPipeline.java:484)
	at java.base/java.util.stream.AbstractPipeline.wrapAndCopyInto(AbstractPipeline.java:474)
	at java.base/java.util.stream.ForEachOps$ForEachOp.evaluateSequential(ForEachOps.java:150)
	at java.base/java.util.stream.ForEachOps$ForEachOp$OfRef.evaluateSequential(ForEachOps.java:173)
	at java.base/java.util.stream.AbstractPipeline.evaluate(AbstractPipeline.java:234)
	at java.base/java.util.stream.ReferencePipeline.forEach(ReferencePipeline.java:497)
	at org.junit.vintage.engine.VintageTestEngine.executeAllChildren(VintageTestEngine.java:80)
	at org.junit.vintage.engine.VintageTestEngine.execute(VintageTestEngine.java:71)
	at org.junit.platform.launcher.core.DefaultLauncher.execute(DefaultLauncher.java:229)
	at org.junit.platform.launcher.core.DefaultLauncher.lambda$execute$6(DefaultLauncher.java:197)
	at org.junit.platform.launcher.core.DefaultLauncher.withInterceptedStreams(DefaultLauncher.java:211)
	at org.junit.platform.launcher.core.DefaultLauncher.execute(DefaultLauncher.java:191)
	at org.junit.platform.launcher.core.DefaultLauncher.execute(DefaultLauncher.java:128)
	at org.apache.maven.surefire.junitplatform.JUnitPlatformProvider.execute(JUnitPlatformProvider.java:188)
	at org.apache.maven.surefire.junitplatform.JUnitPlatformProvider.invokeAllTests(JUnitPlatformProvider.java:154)
	at org.apache.maven.surefire.junitplatform.JUnitPlatformProvider.invoke(JUnitPlatformProvider.java:128)
	at org.apache.maven.surefire.booter.ForkedBooter.runSuitesInProcess(ForkedBooter.java:428)
	at org.apache.maven.surefire.booter.ForkedBooter.execute(ForkedBooter.java:162)
	at org.apache.maven.surefire.booter.ForkedBooter.run(ForkedBooter.java:562)
	at org.apache.maven.surefire.booter.ForkedBooter.main(ForkedBooter.java:548)
&amp#27;[0m

    Embedding file:///D:/KULIAH/Alterra%20Academy/Final%20Project/Mobile/Nomizo-Mobile/src/test/resources/features/nomizo.feature:16 [image/png 98669 bytes]

]]></system-out>
    <system-err><![CDATA[[main] INFO io.cucumber.core.plugin.SerenityReporter - Running feature from file:///D:/KULIAH/Alterra%20Academy/Final%20Project/Mobile/Nomizo-Mobile/src/test/resources/features/nomizo.feature
[main] WARN io.cucumber.core.plugin.SerenityReporter - Feature from file:///D:/KULIAH/Alterra%20Academy/Final%20Project/Mobile/Nomizo-Mobile/src/test/resources/features/nomizo.feature is not under the 'features' directory. Requirements report will not be correctly generated!
Jul 22, 2022 1:55:53 AM io.appium.java_client.remote.AppiumCommandExecutor$1 lambda$0
INFO: Detected dialect: W3C
[main] ERROR  - 
         __  _____ _____ ____ _____   _____ ____  ____   ___  ____  
 _      / / |_   _| ____/ ___|_   _| | ____|  _ \|  _ \ / _ \|  _ \ 
(_)____| |    | | |  _| \___ \ | |   |  _| | |_) | |_) | | | | |_) |
 |_____| |    | | | |___ ___) || |   | |___|  _ <|  _ <| |_| |  _ < 
(_)    | |    |_| |_____|____/ |_|   |_____|_| \_\_| \_\\___/|_| \_\
        \_\                                                         

Login Scenario
---------------------------------------------------------------------
[main] ERROR  -     Test failed at step: Then I validate "success user" error message login
[main] ERROR  -     An element could not be located on the page using the given search parameters.
]]></system-err>
  </testcase>
  <testcase name="Login Scenario #3" classname="Nomizo app" time="23.646">
    <system-out><![CDATA[
Scenario Outline: Login Scenario                       &amp#27;[90m# src/test/resources/features/nomizo.feature:17&amp#27;[0m
  &amp#27;[32mGiven &amp#27;[0m&amp#27;[32mI am on loading page&amp#27;[0m                           &amp#27;[90m# Nomizo.steps.nomizoSteps.iAmOnLoadingPage()&amp#27;[0m
  &amp#27;[32mAnd &amp#27;[0m&amp#27;[32mI click skip button&amp#27;[0m                              &amp#27;[90m# Nomizo.steps.nomizoSteps.iClickSkipButton()&amp#27;[0m
  &amp#27;[32mWhen &amp#27;[0m&amp#27;[32mI input &amp#27;[0m&amp#27;[32m&amp#27;[1m""&amp#27;[0m&amp#27;[32m email&amp#27;[0m                                &amp#27;[90m# Nomizo.steps.nomizoSteps.iInputEmail(java.lang.String)&amp#27;[0m
  &amp#27;[32mAnd &amp#27;[0m&amp#27;[32mI input &amp#27;[0m&amp#27;[32m&amp#27;[1m""&amp#27;[0m&amp#27;[32m password&amp#27;[0m                              &amp#27;[90m# Nomizo.steps.nomizoSteps.iInputPassword(java.lang.String)&amp#27;[0m
  &amp#27;[32mAnd &amp#27;[0m&amp#27;[32mI click login button&amp#27;[0m                             &amp#27;[90m# Nomizo.steps.nomizoSteps.iClickLoginButton()&amp#27;[0m
  &amp#27;[32mThen &amp#27;[0m&amp#27;[32mI validate &amp#27;[0m&amp#27;[32m&amp#27;[1m"error null all"&amp#27;[0m&amp#27;[32m error message login&amp#27;[0m &amp#27;[90m# Nomizo.steps.nomizoSteps.iValidateErrorMessage(java.lang.String)&amp#27;[0m
]]></system-out>
    <system-err><![CDATA[[main] INFO io.cucumber.core.plugin.SerenityReporter - Running feature from file:///D:/KULIAH/Alterra%20Academy/Final%20Project/Mobile/Nomizo-Mobile/src/test/resources/features/nomizo.feature
[main] WARN io.cucumber.core.plugin.SerenityReporter - Feature from file:///D:/KULIAH/Alterra%20Academy/Final%20Project/Mobile/Nomizo-Mobile/src/test/resources/features/nomizo.feature is not under the 'features' directory. Requirements report will not be correctly generated!
Jul 22, 2022 1:57:20 AM io.appium.java_client.remote.AppiumCommandExecutor$1 lambda$0
INFO: Detected dialect: W3C
]]></system-err>
  </testcase>
  <testcase name="Login Scenario #4" classname="Nomizo app" time="32.559">
    <system-out><![CDATA[
Scenario Outline: Login Scenario                         &amp#27;[90m# src/test/resources/features/nomizo.feature:18&amp#27;[0m
  &amp#27;[32mGiven &amp#27;[0m&amp#27;[32mI am on loading page&amp#27;[0m                             &amp#27;[90m# Nomizo.steps.nomizoSteps.iAmOnLoadingPage()&amp#27;[0m
  &amp#27;[32mAnd &amp#27;[0m&amp#27;[32mI click skip button&amp#27;[0m                                &amp#27;[90m# Nomizo.steps.nomizoSteps.iClickSkipButton()&amp#27;[0m
  &amp#27;[32mWhen &amp#27;[0m&amp#27;[32mI input &amp#27;[0m&amp#27;[32m&amp#27;[1m""&amp#27;[0m&amp#27;[32m email&amp#27;[0m                                  &amp#27;[90m# Nomizo.steps.nomizoSteps.iInputEmail(java.lang.String)&amp#27;[0m
  &amp#27;[32mAnd &amp#27;[0m&amp#27;[32mI input &amp#27;[0m&amp#27;[32m&amp#27;[1m"Test1234"&amp#27;[0m&amp#27;[32m password&amp#27;[0m                        &amp#27;[90m# Nomizo.steps.nomizoSteps.iInputPassword(java.lang.String)&amp#27;[0m
  &amp#27;[32mAnd &amp#27;[0m&amp#27;[32mI click login button&amp#27;[0m                               &amp#27;[90m# Nomizo.steps.nomizoSteps.iClickLoginButton()&amp#27;[0m
  &amp#27;[32mThen &amp#27;[0m&amp#27;[32mI validate &amp#27;[0m&amp#27;[32m&amp#27;[1m"error null email"&amp#27;[0m&amp#27;[32m error message login&amp#27;[0m &amp#27;[90m# Nomizo.steps.nomizoSteps.iValidateErrorMessage(java.lang.String)&amp#27;[0m
]]></system-out>
    <system-err><![CDATA[[main] INFO io.cucumber.core.plugin.SerenityReporter - Running feature from file:///D:/KULIAH/Alterra%20Academy/Final%20Project/Mobile/Nomizo-Mobile/src/test/resources/features/nomizo.feature
[main] WARN io.cucumber.core.plugin.SerenityReporter - Feature from file:///D:/KULIAH/Alterra%20Academy/Final%20Project/Mobile/Nomizo-Mobile/src/test/resources/features/nomizo.feature is not under the 'features' directory. Requirements report will not be correctly generated!
Jul 22, 2022 1:57:47 AM io.appium.java_client.remote.AppiumCommandExecutor$1 lambda$0
INFO: Detected dialect: W3C
]]></system-err>
  </testcase>
  <testcase name="Login Scenario #5" classname="Nomizo app" time="28.05">
    <system-out><![CDATA[
Scenario Outline: Login Scenario                            &amp#27;[90m# src/test/resources/features/nomizo.feature:19&amp#27;[0m
  &amp#27;[32mGiven &amp#27;[0m&amp#27;[32mI am on loading page&amp#27;[0m                                &amp#27;[90m# Nomizo.steps.nomizoSteps.iAmOnLoadingPage()&amp#27;[0m
  &amp#27;[32mAnd &amp#27;[0m&amp#27;[32mI click skip button&amp#27;[0m                                   &amp#27;[90m# Nomizo.steps.nomizoSteps.iClickSkipButton()&amp#27;[0m
  &amp#27;[32mWhen &amp#27;[0m&amp#27;[32mI input &amp#27;[0m&amp#27;[32m&amp#27;[1m"laksono651@gmail.com"&amp#27;[0m&amp#27;[32m email&amp#27;[0m                 &amp#27;[90m# Nomizo.steps.nomizoSteps.iInputEmail(java.lang.String)&amp#27;[0m
  &amp#27;[32mAnd &amp#27;[0m&amp#27;[32mI input &amp#27;[0m&amp#27;[32m&amp#27;[1m""&amp#27;[0m&amp#27;[32m password&amp#27;[0m                                   &amp#27;[90m# Nomizo.steps.nomizoSteps.iInputPassword(java.lang.String)&amp#27;[0m
  &amp#27;[32mAnd &amp#27;[0m&amp#27;[32mI click login button&amp#27;[0m                                  &amp#27;[90m# Nomizo.steps.nomizoSteps.iClickLoginButton()&amp#27;[0m
  &amp#27;[32mThen &amp#27;[0m&amp#27;[32mI validate &amp#27;[0m&amp#27;[32m&amp#27;[1m"error null password"&amp#27;[0m&amp#27;[32m error message login&amp#27;[0m &amp#27;[90m# Nomizo.steps.nomizoSteps.iValidateErrorMessage(java.lang.String)&amp#27;[0m
]]></system-out>
    <system-err><![CDATA[[main] INFO io.cucumber.core.plugin.SerenityReporter - Running feature from file:///D:/KULIAH/Alterra%20Academy/Final%20Project/Mobile/Nomizo-Mobile/src/test/resources/features/nomizo.feature
[main] WARN io.cucumber.core.plugin.SerenityReporter - Feature from file:///D:/KULIAH/Alterra%20Academy/Final%20Project/Mobile/Nomizo-Mobile/src/test/resources/features/nomizo.feature is not under the 'features' directory. Requirements report will not be correctly generated!
Jul 22, 2022 1:58:16 AM io.appium.java_client.remote.AppiumCommandExecutor$1 lambda$0
INFO: Detected dialect: W3C
]]></system-err>
  </testcase>
  <testcase name="Register Scenario #1" classname="Nomizo app" time="28.256">
    <system-out><![CDATA[
Scenario Outline: Register Scenario                &amp#27;[90m# src/test/resources/features/nomizo.feature:32&amp#27;[0m
  &amp#27;[32mGiven &amp#27;[0m&amp#27;[32mI am on loading page&amp#27;[0m                       &amp#27;[90m# Nomizo.steps.nomizoSteps.iAmOnLoadingPage()&amp#27;[0m
  &amp#27;[32mAnd &amp#27;[0m&amp#27;[32mI click skip button&amp#27;[0m                          &amp#27;[90m# Nomizo.steps.nomizoSteps.iClickSkipButton()&amp#27;[0m
  &amp#27;[32mAnd &amp#27;[0m&amp#27;[32mI click register menu button&amp#27;[0m                 &amp#27;[90m# Nomizo.steps.nomizoSteps.iClickRegisterMenuButton()&amp#27;[0m
  &amp#27;[32mWhen &amp#27;[0m&amp#27;[32mI input &amp#27;[0m&amp#27;[32m&amp#27;[1m"qe2@mail.com"&amp#27;[0m&amp#27;[32m email&amp#27;[0m                &amp#27;[90m# Nomizo.steps.nomizoSteps.iInputEmail(java.lang.String)&amp#27;[0m
  &amp#27;[32mAnd &amp#27;[0m&amp#27;[32mI input &amp#27;[0m&amp#27;[32m&amp#27;[1m"Test1234"&amp#27;[0m&amp#27;[32m password&amp#27;[0m                  &amp#27;[90m# Nomizo.steps.nomizoSteps.iInputPassword(java.lang.String)&amp#27;[0m
  &amp#27;[32mAnd &amp#27;[0m&amp#27;[32mI input &amp#27;[0m&amp#27;[32m&amp#27;[1m"Test1234"&amp#27;[0m&amp#27;[32m confirmation password&amp#27;[0m     &amp#27;[90m# Nomizo.steps.nomizoSteps.iInputConfirmationPassword(java.lang.String)&amp#27;[0m
  &amp#27;[32mAnd &amp#27;[0m&amp#27;[32mI click register button&amp#27;[0m                      &amp#27;[90m# Nomizo.steps.nomizoSteps.iClickRegisterButton()&amp#27;[0m
  &amp#27;[32mThen &amp#27;[0m&amp#27;[32mI validate &amp#27;[0m&amp#27;[32m&amp#27;[1m"success"&amp#27;[0m&amp#27;[32m error message register&amp#27;[0m &amp#27;[90m# Nomizo.steps.nomizoSteps.iValidateErrorMessageRegister(java.lang.String)&amp#27;[0m
]]></system-out>
    <system-err><![CDATA[[main] INFO io.cucumber.core.plugin.SerenityReporter - Running feature from file:///D:/KULIAH/Alterra%20Academy/Final%20Project/Mobile/Nomizo-Mobile/src/test/resources/features/nomizo.feature
[main] WARN io.cucumber.core.plugin.SerenityReporter - Feature from file:///D:/KULIAH/Alterra%20Academy/Final%20Project/Mobile/Nomizo-Mobile/src/test/resources/features/nomizo.feature is not under the 'features' directory. Requirements report will not be correctly generated!
[main] INFO  - 
 _____ _____ ____ _____   ____ _____  _    ____ _____ _____ ____  
|_   _| ____/ ___|_   _| / ___|_   _|/ \  |  _ \_   _| ____|  _ \ 
  | | |  _| \___ \ | |   \___ \ | | / _ \ | |_) || | |  _| | | | |
  | | | |___ ___) || |    ___) || |/ ___ \|  _ < | | | |___| |_| |
  |_| |_____|____/ |_|   |____/ |_/_/   \_\_| \_\|_| |_____|____/ 

Register Scenario(nomizo-app;register-scenario)
-------------------------------------------------------------------
Jul 22, 2022 1:58:44 AM io.appium.java_client.remote.AppiumCommandExecutor$1 lambda$0
INFO: Detected dialect: W3C
[main] INFO  - 
        __    _____ _____ ____ _____   ____   _    ____  ____  _____ ____  
  _     \ \  |_   _| ____/ ___|_   _| |  _ \ / \  / ___|/ ___|| ____|  _ \ 
 (_)_____| |   | | |  _| \___ \ | |   | |_) / _ \ \___ \\___ \|  _| | | | |
  _|_____| |   | | | |___ ___) || |   |  __/ ___ \ ___) |___) | |___| |_| |
 (_)     | |   |_| |_____|____/ |_|   |_| /_/   \_\____/|____/|_____|____/ 
        /_/                                                                

Register Scenario
----------------------------------------------------------------------------
]]></system-err>
  </testcase>
  <testcase name="Register Scenario #2" classname="Nomizo app" time="72.686">
    <system-out><![CDATA[
Scenario Outline: Register Scenario                    &amp#27;[90m# src/test/resources/features/nomizo.feature:33&amp#27;[0m
  &amp#27;[32mGiven &amp#27;[0m&amp#27;[32mI am on loading page&amp#27;[0m                           &amp#27;[90m# Nomizo.steps.nomizoSteps.iAmOnLoadingPage()&amp#27;[0m
  &amp#27;[32mAnd &amp#27;[0m&amp#27;[32mI click skip button&amp#27;[0m                              &amp#27;[90m# Nomizo.steps.nomizoSteps.iClickSkipButton()&amp#27;[0m
  &amp#27;[32mAnd &amp#27;[0m&amp#27;[32mI click register menu button&amp#27;[0m                     &amp#27;[90m# Nomizo.steps.nomizoSteps.iClickRegisterMenuButton()&amp#27;[0m
  &amp#27;[32mWhen &amp#27;[0m&amp#27;[32mI input &amp#27;[0m&amp#27;[32m&amp#27;[1m"laksono651@gmail.com"&amp#27;[0m&amp#27;[32m email&amp#27;[0m            &amp#27;[90m# Nomizo.steps.nomizoSteps.iInputEmail(java.lang.String)&amp#27;[0m
  &amp#27;[32mAnd &amp#27;[0m&amp#27;[32mI input &amp#27;[0m&amp#27;[32m&amp#27;[1m"Test1234"&amp#27;[0m&amp#27;[32m password&amp#27;[0m                      &amp#27;[90m# Nomizo.steps.nomizoSteps.iInputPassword(java.lang.String)&amp#27;[0m
  &amp#27;[32mAnd &amp#27;[0m&amp#27;[32mI input &amp#27;[0m&amp#27;[32m&amp#27;[1m"Test1234"&amp#27;[0m&amp#27;[32m confirmation password&amp#27;[0m         &amp#27;[90m# Nomizo.steps.nomizoSteps.iInputConfirmationPassword(java.lang.String)&amp#27;[0m
  &amp#27;[32mAnd &amp#27;[0m&amp#27;[32mI click register button&amp#27;[0m                          &amp#27;[90m# Nomizo.steps.nomizoSteps.iClickRegisterButton()&amp#27;[0m
  &amp#27;[32mThen &amp#27;[0m&amp#27;[32mI validate &amp#27;[0m&amp#27;[32m&amp#27;[1m"error gagal"&amp#27;[0m&amp#27;[32m error message register&amp#27;[0m &amp#27;[90m# Nomizo.steps.nomizoSteps.iValidateErrorMessageRegister(java.lang.String)&amp#27;[0m
]]></system-out>
    <system-err><![CDATA[[main] INFO io.cucumber.core.plugin.SerenityReporter - Running feature from file:///D:/KULIAH/Alterra%20Academy/Final%20Project/Mobile/Nomizo-Mobile/src/test/resources/features/nomizo.feature
[main] WARN io.cucumber.core.plugin.SerenityReporter - Feature from file:///D:/KULIAH/Alterra%20Academy/Final%20Project/Mobile/Nomizo-Mobile/src/test/resources/features/nomizo.feature is not under the 'features' directory. Requirements report will not be correctly generated!
Jul 22, 2022 1:59:16 AM io.appium.java_client.remote.AppiumCommandExecutor$1 lambda$0
INFO: Detected dialect: W3C
[main] INFO  - 
        __    _____ _____ ____ _____   ____   _    ____  ____  _____ ____  
  _     \ \  |_   _| ____/ ___|_   _| |  _ \ / \  / ___|/ ___|| ____|  _ \ 
 (_)_____| |   | | |  _| \___ \ | |   | |_) / _ \ \___ \\___ \|  _| | | | |
  _|_____| |   | | | |___ ___) || |   |  __/ ___ \ ___) |___) | |___| |_| |
 (_)     | |   |_| |_____|____/ |_|   |_| /_/   \_\____/|____/|_____|____/ 
        /_/                                                                

Register Scenario
----------------------------------------------------------------------------
]]></system-err>
  </testcase>
  <testcase name="Register Scenario #3" classname="Nomizo app" time="31.932">
    <system-out><![CDATA[
Scenario Outline: Register Scenario                       &amp#27;[90m# src/test/resources/features/nomizo.feature:34&amp#27;[0m
  &amp#27;[32mGiven &amp#27;[0m&amp#27;[32mI am on loading page&amp#27;[0m                              &amp#27;[90m# Nomizo.steps.nomizoSteps.iAmOnLoadingPage()&amp#27;[0m
  &amp#27;[32mAnd &amp#27;[0m&amp#27;[32mI click skip button&amp#27;[0m                                 &amp#27;[90m# Nomizo.steps.nomizoSteps.iClickSkipButton()&amp#27;[0m
  &amp#27;[32mAnd &amp#27;[0m&amp#27;[32mI click register menu button&amp#27;[0m                        &amp#27;[90m# Nomizo.steps.nomizoSteps.iClickRegisterMenuButton()&amp#27;[0m
  &amp#27;[32mWhen &amp#27;[0m&amp#27;[32mI input &amp#27;[0m&amp#27;[32m&amp#27;[1m""&amp#27;[0m&amp#27;[32m email&amp#27;[0m                                   &amp#27;[90m# Nomizo.steps.nomizoSteps.iInputEmail(java.lang.String)&amp#27;[0m
  &amp#27;[32mAnd &amp#27;[0m&amp#27;[32mI input &amp#27;[0m&amp#27;[32m&amp#27;[1m""&amp#27;[0m&amp#27;[32m password&amp#27;[0m                                 &amp#27;[90m# Nomizo.steps.nomizoSteps.iInputPassword(java.lang.String)&amp#27;[0m
  &amp#27;[32mAnd &amp#27;[0m&amp#27;[32mI input &amp#27;[0m&amp#27;[32m&amp#27;[1m""&amp#27;[0m&amp#27;[32m confirmation password&amp#27;[0m                    &amp#27;[90m# Nomizo.steps.nomizoSteps.iInputConfirmationPassword(java.lang.String)&amp#27;[0m
  &amp#27;[32mAnd &amp#27;[0m&amp#27;[32mI click register button&amp#27;[0m                             &amp#27;[90m# Nomizo.steps.nomizoSteps.iClickRegisterButton()&amp#27;[0m
  &amp#27;[32mThen &amp#27;[0m&amp#27;[32mI validate &amp#27;[0m&amp#27;[32m&amp#27;[1m"error null all"&amp#27;[0m&amp#27;[32m error message register&amp#27;[0m &amp#27;[90m# Nomizo.steps.nomizoSteps.iValidateErrorMessageRegister(java.lang.String)&amp#27;[0m
]]></system-out>
    <system-err><![CDATA[[main] INFO io.cucumber.core.plugin.SerenityReporter - Running feature from file:///D:/KULIAH/Alterra%20Academy/Final%20Project/Mobile/Nomizo-Mobile/src/test/resources/features/nomizo.feature
[main] WARN io.cucumber.core.plugin.SerenityReporter - Feature from file:///D:/KULIAH/Alterra%20Academy/Final%20Project/Mobile/Nomizo-Mobile/src/test/resources/features/nomizo.feature is not under the 'features' directory. Requirements report will not be correctly generated!
Jul 22, 2022 2:00:26 AM io.appium.java_client.remote.AppiumCommandExecutor$1 lambda$0
INFO: Detected dialect: W3C
]]></system-err>
  </testcase>
  <testcase name="Register Scenario #4" classname="Nomizo app" time="30.823">
    <system-out><![CDATA[
Scenario Outline: Register Scenario                         &amp#27;[90m# src/test/resources/features/nomizo.feature:35&amp#27;[0m
  &amp#27;[32mGiven &amp#27;[0m&amp#27;[32mI am on loading page&amp#27;[0m                                &amp#27;[90m# Nomizo.steps.nomizoSteps.iAmOnLoadingPage()&amp#27;[0m
  &amp#27;[32mAnd &amp#27;[0m&amp#27;[32mI click skip button&amp#27;[0m                                   &amp#27;[90m# Nomizo.steps.nomizoSteps.iClickSkipButton()&amp#27;[0m
  &amp#27;[32mAnd &amp#27;[0m&amp#27;[32mI click register menu button&amp#27;[0m                          &amp#27;[90m# Nomizo.steps.nomizoSteps.iClickRegisterMenuButton()&amp#27;[0m
  &amp#27;[32mWhen &amp#27;[0m&amp#27;[32mI input &amp#27;[0m&amp#27;[32m&amp#27;[1m""&amp#27;[0m&amp#27;[32m email&amp#27;[0m                                     &amp#27;[90m# Nomizo.steps.nomizoSteps.iInputEmail(java.lang.String)&amp#27;[0m
  &amp#27;[32mAnd &amp#27;[0m&amp#27;[32mI input &amp#27;[0m&amp#27;[32m&amp#27;[1m"Test1234"&amp#27;[0m&amp#27;[32m password&amp#27;[0m                           &amp#27;[90m# Nomizo.steps.nomizoSteps.iInputPassword(java.lang.String)&amp#27;[0m
  &amp#27;[32mAnd &amp#27;[0m&amp#27;[32mI input &amp#27;[0m&amp#27;[32m&amp#27;[1m"Test1234"&amp#27;[0m&amp#27;[32m confirmation password&amp#27;[0m              &amp#27;[90m# Nomizo.steps.nomizoSteps.iInputConfirmationPassword(java.lang.String)&amp#27;[0m
  &amp#27;[32mAnd &amp#27;[0m&amp#27;[32mI click register button&amp#27;[0m                               &amp#27;[90m# Nomizo.steps.nomizoSteps.iClickRegisterButton()&amp#27;[0m
  &amp#27;[32mThen &amp#27;[0m&amp#27;[32mI validate &amp#27;[0m&amp#27;[32m&amp#27;[1m"error null email"&amp#27;[0m&amp#27;[32m error message register&amp#27;[0m &amp#27;[90m# Nomizo.steps.nomizoSteps.iValidateErrorMessageRegister(java.lang.String)&amp#27;[0m
]]></system-out>
    <system-err><![CDATA[[main] INFO io.cucumber.core.plugin.SerenityReporter - Running feature from file:///D:/KULIAH/Alterra%20Academy/Final%20Project/Mobile/Nomizo-Mobile/src/test/resources/features/nomizo.feature
[main] WARN io.cucumber.core.plugin.SerenityReporter - Feature from file:///D:/KULIAH/Alterra%20Academy/Final%20Project/Mobile/Nomizo-Mobile/src/test/resources/features/nomizo.feature is not under the 'features' directory. Requirements report will not be correctly generated!
Jul 22, 2022 2:00:57 AM io.appium.java_client.remote.AppiumCommandExecutor$1 lambda$0
INFO: Detected dialect: W3C
]]></system-err>
  </testcase>
  <testcase name="Register Scenario #5" classname="Nomizo app" time="27.729">
    <system-out><![CDATA[
Scenario Outline: Register Scenario                            &amp#27;[90m# src/test/resources/features/nomizo.feature:36&amp#27;[0m
  &amp#27;[32mGiven &amp#27;[0m&amp#27;[32mI am on loading page&amp#27;[0m                                   &amp#27;[90m# Nomizo.steps.nomizoSteps.iAmOnLoadingPage()&amp#27;[0m
  &amp#27;[32mAnd &amp#27;[0m&amp#27;[32mI click skip button&amp#27;[0m                                      &amp#27;[90m# Nomizo.steps.nomizoSteps.iClickSkipButton()&amp#27;[0m
  &amp#27;[32mAnd &amp#27;[0m&amp#27;[32mI click register menu button&amp#27;[0m                             &amp#27;[90m# Nomizo.steps.nomizoSteps.iClickRegisterMenuButton()&amp#27;[0m
  &amp#27;[32mWhen &amp#27;[0m&amp#27;[32mI input &amp#27;[0m&amp#27;[32m&amp#27;[1m"qe1@mail.com"&amp#27;[0m&amp#27;[32m email&amp#27;[0m                            &amp#27;[90m# Nomizo.steps.nomizoSteps.iInputEmail(java.lang.String)&amp#27;[0m
  &amp#27;[32mAnd &amp#27;[0m&amp#27;[32mI input &amp#27;[0m&amp#27;[32m&amp#27;[1m""&amp#27;[0m&amp#27;[32m password&amp#27;[0m                                      &amp#27;[90m# Nomizo.steps.nomizoSteps.iInputPassword(java.lang.String)&amp#27;[0m
  &amp#27;[32mAnd &amp#27;[0m&amp#27;[32mI input &amp#27;[0m&amp#27;[32m&amp#27;[1m"Test1234"&amp#27;[0m&amp#27;[32m confirmation password&amp#27;[0m                 &amp#27;[90m# Nomizo.steps.nomizoSteps.iInputConfirmationPassword(java.lang.String)&amp#27;[0m
  &amp#27;[32mAnd &amp#27;[0m&amp#27;[32mI click register button&amp#27;[0m                                  &amp#27;[90m# Nomizo.steps.nomizoSteps.iClickRegisterButton()&amp#27;[0m
  &amp#27;[32mThen &amp#27;[0m&amp#27;[32mI validate &amp#27;[0m&amp#27;[32m&amp#27;[1m"error null password"&amp#27;[0m&amp#27;[32m error message register&amp#27;[0m &amp#27;[90m# Nomizo.steps.nomizoSteps.iValidateErrorMessageRegister(java.lang.String)&amp#27;[0m
]]></system-out>
    <system-err><![CDATA[[main] INFO io.cucumber.core.plugin.SerenityReporter - Running feature from file:///D:/KULIAH/Alterra%20Academy/Final%20Project/Mobile/Nomizo-Mobile/src/test/resources/features/nomizo.feature
[main] WARN io.cucumber.core.plugin.SerenityReporter - Feature from file:///D:/KULIAH/Alterra%20Academy/Final%20Project/Mobile/Nomizo-Mobile/src/test/resources/features/nomizo.feature is not under the 'features' directory. Requirements report will not be correctly generated!
Jul 22, 2022 2:01:28 AM io.appium.java_client.remote.AppiumCommandExecutor$1 lambda$0
INFO: Detected dialect: W3C
]]></system-err>
  </testcase>
  <testcase name="Register Scenario #6" classname="Nomizo app" time="27.096">
    <system-out><![CDATA[
Scenario Outline: Register Scenario                                         &amp#27;[90m# src/test/resources/features/nomizo.feature:37&amp#27;[0m
  &amp#27;[32mGiven &amp#27;[0m&amp#27;[32mI am on loading page&amp#27;[0m                                                &amp#27;[90m# Nomizo.steps.nomizoSteps.iAmOnLoadingPage()&amp#27;[0m
  &amp#27;[32mAnd &amp#27;[0m&amp#27;[32mI click skip button&amp#27;[0m                                                   &amp#27;[90m# Nomizo.steps.nomizoSteps.iClickSkipButton()&amp#27;[0m
  &amp#27;[32mAnd &amp#27;[0m&amp#27;[32mI click register menu button&amp#27;[0m                                          &amp#27;[90m# Nomizo.steps.nomizoSteps.iClickRegisterMenuButton()&amp#27;[0m
  &amp#27;[32mWhen &amp#27;[0m&amp#27;[32mI input &amp#27;[0m&amp#27;[32m&amp#27;[1m"qe1@mail.com"&amp#27;[0m&amp#27;[32m email&amp#27;[0m                                         &amp#27;[90m# Nomizo.steps.nomizoSteps.iInputEmail(java.lang.String)&amp#27;[0m
  &amp#27;[32mAnd &amp#27;[0m&amp#27;[32mI input &amp#27;[0m&amp#27;[32m&amp#27;[1m"Test1234"&amp#27;[0m&amp#27;[32m password&amp#27;[0m                                           &amp#27;[90m# Nomizo.steps.nomizoSteps.iInputPassword(java.lang.String)&amp#27;[0m
  &amp#27;[32mAnd &amp#27;[0m&amp#27;[32mI input &amp#27;[0m&amp#27;[32m&amp#27;[1m""&amp#27;[0m&amp#27;[32m confirmation password&amp#27;[0m                                      &amp#27;[90m# Nomizo.steps.nomizoSteps.iInputConfirmationPassword(java.lang.String)&amp#27;[0m
  &amp#27;[32mAnd &amp#27;[0m&amp#27;[32mI click register button&amp#27;[0m                                               &amp#27;[90m# Nomizo.steps.nomizoSteps.iClickRegisterButton()&amp#27;[0m
  &amp#27;[32mThen &amp#27;[0m&amp#27;[32mI validate &amp#27;[0m&amp#27;[32m&amp#27;[1m"error null confirmation password"&amp#27;[0m&amp#27;[32m error message register&amp#27;[0m &amp#27;[90m# Nomizo.steps.nomizoSteps.iValidateErrorMessageRegister(java.lang.String)&amp#27;[0m
]]></system-out>
    <system-err><![CDATA[[main] INFO io.cucumber.core.plugin.SerenityReporter - Running feature from file:///D:/KULIAH/Alterra%20Academy/Final%20Project/Mobile/Nomizo-Mobile/src/test/resources/features/nomizo.feature
[main] WARN io.cucumber.core.plugin.SerenityReporter - Feature from file:///D:/KULIAH/Alterra%20Academy/Final%20Project/Mobile/Nomizo-Mobile/src/test/resources/features/nomizo.feature is not under the 'features' directory. Requirements report will not be correctly generated!
Jul 22, 2022 2:01:55 AM io.appium.java_client.remote.AppiumCommandExecutor$1 lambda$0
INFO: Detected dialect: W3C
]]></system-err>
  </testcase>
  <testcase name="Profile - Logout User" classname="Nomizo app" time="41.103">
    <system-out><![CDATA[
Scenario: Profile - Logout User             &amp#27;[90m# src/test/resources/features/nomizo.feature:39&amp#27;[0m
  &amp#27;[32mGiven &amp#27;[0m&amp#27;[32mI am on loading page&amp#27;[0m                &amp#27;[90m# Nomizo.steps.nomizoSteps.iAmOnLoadingPage()&amp#27;[0m
  &amp#27;[32mAnd &amp#27;[0m&amp#27;[32mI click skip button&amp#27;[0m                   &amp#27;[90m# Nomizo.steps.nomizoSteps.iClickSkipButton()&amp#27;[0m
  &amp#27;[32mWhen &amp#27;[0m&amp#27;[32mI input &amp#27;[0m&amp#27;[32m&amp#27;[1m"laksono651@gmail.com"&amp#27;[0m&amp#27;[32m email&amp#27;[0m &amp#27;[90m# Nomizo.steps.nomizoSteps.iInputEmail(java.lang.String)&amp#27;[0m
  &amp#27;[32mAnd &amp#27;[0m&amp#27;[32mI input &amp#27;[0m&amp#27;[32m&amp#27;[1m"Test1234"&amp#27;[0m&amp#27;[32m password&amp#27;[0m           &amp#27;[90m# Nomizo.steps.nomizoSteps.iInputPassword(java.lang.String)&amp#27;[0m
  &amp#27;[32mAnd &amp#27;[0m&amp#27;[32mI click login button&amp#27;[0m                  &amp#27;[90m# Nomizo.steps.nomizoSteps.iClickLoginButton()&amp#27;[0m
  &amp#27;[32mThen &amp#27;[0m&amp#27;[32mI go to profile page&amp#27;[0m                 &amp#27;[90m# Nomizo.steps.nomizoSteps.iGoToProfilePage()&amp#27;[0m
  &amp#27;[32mAnd &amp#27;[0m&amp#27;[32mI click setting button&amp#27;[0m                &amp#27;[90m# Nomizo.steps.nomizoSteps.iClickSettingButton()&amp#27;[0m
  &amp#27;[32mAnd &amp#27;[0m&amp#27;[32mI click logout button&amp#27;[0m                 &amp#27;[90m# Nomizo.steps.nomizoSteps.iClickLogoutButton()&amp#27;[0m
  &amp#27;[32mAnd &amp#27;[0m&amp#27;[32mvalidate the result&amp#27;[0m                   &amp#27;[90m# Nomizo.steps.nomizoSteps.validateTheResult()&amp#27;[0m
]]></system-out>
    <system-err><![CDATA[[main] INFO io.cucumber.core.plugin.SerenityReporter - Running feature from file:///D:/KULIAH/Alterra%20Academy/Final%20Project/Mobile/Nomizo-Mobile/src/test/resources/features/nomizo.feature
[main] WARN io.cucumber.core.plugin.SerenityReporter - Feature from file:///D:/KULIAH/Alterra%20Academy/Final%20Project/Mobile/Nomizo-Mobile/src/test/resources/features/nomizo.feature is not under the 'features' directory. Requirements report will not be correctly generated!
[main] INFO  - 
 _____ _____ ____ _____   ____ _____  _    ____ _____ _____ ____  
|_   _| ____/ ___|_   _| / ___|_   _|/ \  |  _ \_   _| ____|  _ \ 
  | | |  _| \___ \ | |   \___ \ | | / _ \ | |_) || | |  _| | | | |
  | | | |___ ___) || |    ___) || |/ ___ \|  _ < | | | |___| |_| |
  |_| |_____|____/ |_|   |____/ |_/_/   \_\_| \_\|_| |_____|____/ 

Profile - Logout User(nomizo-app;profile---logout-user)
-------------------------------------------------------------------
Jul 22, 2022 2:02:23 AM io.appium.java_client.remote.AppiumCommandExecutor$1 lambda$0
INFO: Detected dialect: W3C
[main] INFO  - 
        __    _____ _____ ____ _____   ____   _    ____  ____  _____ ____  
  _     \ \  |_   _| ____/ ___|_   _| |  _ \ / \  / ___|/ ___|| ____|  _ \ 
 (_)_____| |   | | |  _| \___ \ | |   | |_) / _ \ \___ \\___ \|  _| | | | |
  _|_____| |   | | | |___ ___) || |   |  __/ ___ \ ___) |___) | |___| |_| |
 (_)     | |   |_| |_____|____/ |_|   |_| /_/   \_\____/|____/|_____|____/ 
        /_/                                                                

Profile - Logout User
----------------------------------------------------------------------------
]]></system-err>
  </testcase>
  <testcase name="Profile - Edit User #1" classname="Nomizo app" time="63.58">
    <system-out><![CDATA[
Scenario Outline: Profile - Edit User      &amp#27;[90m# src/test/resources/features/nomizo.feature:67&amp#27;[0m
  &amp#27;[32mGiven &amp#27;[0m&amp#27;[32mI am on loading page&amp#27;[0m               &amp#27;[90m# Nomizo.steps.nomizoSteps.iAmOnLoadingPage()&amp#27;[0m
  &amp#27;[32mAnd &amp#27;[0m&amp#27;[32mI click skip button&amp#27;[0m                  &amp#27;[90m# Nomizo.steps.nomizoSteps.iClickSkipButton()&amp#27;[0m
  &amp#27;[32mAnd &amp#27;[0m&amp#27;[32mI input &amp#27;[0m&amp#27;[32m&amp#27;[1m"laksono651@gmail.com"&amp#27;[0m&amp#27;[32m email&amp#27;[0m &amp#27;[90m# Nomizo.steps.nomizoSteps.iInputEmail(java.lang.String)&amp#27;[0m
  &amp#27;[32mAnd &amp#27;[0m&amp#27;[32mI input &amp#27;[0m&amp#27;[32m&amp#27;[1m"Test1234"&amp#27;[0m&amp#27;[32m password&amp#27;[0m          &amp#27;[90m# Nomizo.steps.nomizoSteps.iInputPassword(java.lang.String)&amp#27;[0m
  &amp#27;[32mAnd &amp#27;[0m&amp#27;[32mI click login button&amp#27;[0m                 &amp#27;[90m# Nomizo.steps.nomizoSteps.iClickLoginButton()&amp#27;[0m
  &amp#27;[32mWhen &amp#27;[0m&amp#27;[32mI go to profile page&amp#27;[0m                &amp#27;[90m# Nomizo.steps.nomizoSteps.iGoToProfilePage()&amp#27;[0m
  &amp#27;[32mAnd &amp#27;[0m&amp#27;[32mI click setting button&amp#27;[0m               &amp#27;[90m# Nomizo.steps.nomizoSteps.iClickSettingButton()&amp#27;[0m
  &amp#27;[32mAnd &amp#27;[0m&amp#27;[32mI click edit profile button&amp#27;[0m          &amp#27;[90m# Nomizo.steps.nomizoSteps.iClickEditProfileButton()&amp#27;[0m
  &amp#27;[32mThen &amp#27;[0m&amp#27;[32mI am on edit profile page&amp#27;[0m           &amp#27;[90m# Nomizo.steps.nomizoSteps.iAmOnEditProfilePage()&amp#27;[0m
  &amp#27;[32mAnd &amp#27;[0m&amp#27;[32mI input &amp#27;[0m&amp#27;[32m&amp#27;[1m"babyyaga330"&amp#27;[0m&amp#27;[32m user&amp#27;[0m           &amp#27;[90m# Nomizo.steps.nomizoSteps.iInputUser(java.lang.String)&amp#27;[0m
  &amp#27;[32mAnd &amp#27;[0m&amp#27;[32mI input &amp#27;[0m&amp#27;[32m&amp#27;[1m"Andreas Laksono"&amp#27;[0m&amp#27;[32m full name&amp#27;[0m  &amp#27;[90m# Nomizo.steps.nomizoSteps.iInputFullName(java.lang.String)&amp#27;[0m
  &amp#27;[32mAnd &amp#27;[0m&amp#27;[32mI input &amp#27;[0m&amp#27;[32m&amp#27;[1m"Hi I'm Andreas"&amp#27;[0m&amp#27;[32m bio&amp#27;[0m         &amp#27;[90m# Nomizo.steps.nomizoSteps.iInputBio(java.lang.String)&amp#27;[0m
  &amp#27;[32mAnd &amp#27;[0m&amp#27;[32mI click save button profile&amp#27;[0m          &amp#27;[90m# Nomizo.steps.nomizoSteps.iClickSaveButtonProfile()&amp#27;[0m
  &amp#27;[32mAnd &amp#27;[0m&amp#27;[32mvalidate the &amp#27;[0m&amp#27;[32m&amp#27;[1m"success"&amp#27;[0m&amp#27;[32m edit profile&amp#27;[0m  &amp#27;[90m# Nomizo.steps.nomizoSteps.validateTheEditProfile(java.lang.String)&amp#27;[0m
]]></system-out>
    <system-err><![CDATA[[main] INFO io.cucumber.core.plugin.SerenityReporter - Running feature from file:///D:/KULIAH/Alterra%20Academy/Final%20Project/Mobile/Nomizo-Mobile/src/test/resources/features/nomizo.feature
[main] WARN io.cucumber.core.plugin.SerenityReporter - Feature from file:///D:/KULIAH/Alterra%20Academy/Final%20Project/Mobile/Nomizo-Mobile/src/test/resources/features/nomizo.feature is not under the 'features' directory. Requirements report will not be correctly generated!
[main] INFO  - 
 _____ _____ ____ _____   ____ _____  _    ____ _____ _____ ____  
|_   _| ____/ ___|_   _| / ___|_   _|/ \  |  _ \_   _| ____|  _ \ 
  | | |  _| \___ \ | |   \___ \ | | / _ \ | |_) || | |  _| | | | |
  | | | |___ ___) || |    ___) || |/ ___ \|  _ < | | | |___| |_| |
  |_| |_____|____/ |_|   |____/ |_/_/   \_\_| \_\|_| |_____|____/ 

Profile - Edit User(nomizo-app;profile---edit-user)
-------------------------------------------------------------------
Jul 22, 2022 2:03:06 AM io.appium.java_client.remote.AppiumCommandExecutor$1 lambda$0
INFO: Detected dialect: W3C
[main] INFO  - 
        __    _____ _____ ____ _____   ____   _    ____  ____  _____ ____  
  _     \ \  |_   _| ____/ ___|_   _| |  _ \ / \  / ___|/ ___|| ____|  _ \ 
 (_)_____| |   | | |  _| \___ \ | |   | |_) / _ \ \___ \\___ \|  _| | | | |
  _|_____| |   | | | |___ ___) || |   |  __/ ___ \ ___) |___) | |___| |_| |
 (_)     | |   |_| |_____|____/ |_|   |_| /_/   \_\____/|____/|_____|____/ 
        /_/                                                                

Profile - Edit User
----------------------------------------------------------------------------
]]></system-err>
  </testcase>
  <testcase name="Profile - Edit User #2" classname="Nomizo app" time="55.268">
    <system-out><![CDATA[
Scenario Outline: Profile - Edit User                 &amp#27;[90m# src/test/resources/features/nomizo.feature:68&amp#27;[0m
  &amp#27;[32mGiven &amp#27;[0m&amp#27;[32mI am on loading page&amp#27;[0m                          &amp#27;[90m# Nomizo.steps.nomizoSteps.iAmOnLoadingPage()&amp#27;[0m
  &amp#27;[32mAnd &amp#27;[0m&amp#27;[32mI click skip button&amp#27;[0m                             &amp#27;[90m# Nomizo.steps.nomizoSteps.iClickSkipButton()&amp#27;[0m
  &amp#27;[32mAnd &amp#27;[0m&amp#27;[32mI input &amp#27;[0m&amp#27;[32m&amp#27;[1m"laksono651@gmail.com"&amp#27;[0m&amp#27;[32m email&amp#27;[0m            &amp#27;[90m# Nomizo.steps.nomizoSteps.iInputEmail(java.lang.String)&amp#27;[0m
  &amp#27;[32mAnd &amp#27;[0m&amp#27;[32mI input &amp#27;[0m&amp#27;[32m&amp#27;[1m"Test1234"&amp#27;[0m&amp#27;[32m password&amp#27;[0m                     &amp#27;[90m# Nomizo.steps.nomizoSteps.iInputPassword(java.lang.String)&amp#27;[0m
  &amp#27;[32mAnd &amp#27;[0m&amp#27;[32mI click login button&amp#27;[0m                            &amp#27;[90m# Nomizo.steps.nomizoSteps.iClickLoginButton()&amp#27;[0m
  &amp#27;[32mWhen &amp#27;[0m&amp#27;[32mI go to profile page&amp#27;[0m                           &amp#27;[90m# Nomizo.steps.nomizoSteps.iGoToProfilePage()&amp#27;[0m
  &amp#27;[32mAnd &amp#27;[0m&amp#27;[32mI click setting button&amp#27;[0m                          &amp#27;[90m# Nomizo.steps.nomizoSteps.iClickSettingButton()&amp#27;[0m
  &amp#27;[32mAnd &amp#27;[0m&amp#27;[32mI click edit profile button&amp#27;[0m                     &amp#27;[90m# Nomizo.steps.nomizoSteps.iClickEditProfileButton()&amp#27;[0m
  &amp#27;[32mThen &amp#27;[0m&amp#27;[32mI am on edit profile page&amp#27;[0m                      &amp#27;[90m# Nomizo.steps.nomizoSteps.iAmOnEditProfilePage()&amp#27;[0m
  &amp#27;[32mAnd &amp#27;[0m&amp#27;[32mI input &amp#27;[0m&amp#27;[32m&amp#27;[1m""&amp#27;[0m&amp#27;[32m user&amp#27;[0m                                 &amp#27;[90m# Nomizo.steps.nomizoSteps.iInputUser(java.lang.String)&amp#27;[0m
  &amp#27;[32mAnd &amp#27;[0m&amp#27;[32mI input &amp#27;[0m&amp#27;[32m&amp#27;[1m"Andreas Laksono"&amp#27;[0m&amp#27;[32m full name&amp#27;[0m             &amp#27;[90m# Nomizo.steps.nomizoSteps.iInputFullName(java.lang.String)&amp#27;[0m
  &amp#27;[32mAnd &amp#27;[0m&amp#27;[32mI input &amp#27;[0m&amp#27;[32m&amp#27;[1m"Hi I'm Andreas"&amp#27;[0m&amp#27;[32m bio&amp#27;[0m                    &amp#27;[90m# Nomizo.steps.nomizoSteps.iInputBio(java.lang.String)&amp#27;[0m
  &amp#27;[32mAnd &amp#27;[0m&amp#27;[32mI click save button profile&amp#27;[0m                     &amp#27;[90m# Nomizo.steps.nomizoSteps.iClickSaveButtonProfile()&amp#27;[0m
  &amp#27;[32mAnd &amp#27;[0m&amp#27;[32mvalidate the &amp#27;[0m&amp#27;[32m&amp#27;[1m"error null username"&amp#27;[0m&amp#27;[32m edit profile&amp#27;[0m &amp#27;[90m# Nomizo.steps.nomizoSteps.validateTheEditProfile(java.lang.String)&amp#27;[0m
]]></system-out>
    <system-err><![CDATA[[main] INFO io.cucumber.core.plugin.SerenityReporter - Running feature from file:///D:/KULIAH/Alterra%20Academy/Final%20Project/Mobile/Nomizo-Mobile/src/test/resources/features/nomizo.feature
[main] WARN io.cucumber.core.plugin.SerenityReporter - Feature from file:///D:/KULIAH/Alterra%20Academy/Final%20Project/Mobile/Nomizo-Mobile/src/test/resources/features/nomizo.feature is not under the 'features' directory. Requirements report will not be correctly generated!
Jul 22, 2022 2:04:08 AM io.appium.java_client.remote.AppiumCommandExecutor$1 lambda$0
INFO: Detected dialect: W3C
[main] INFO  - 
        __    _____ _____ ____ _____   ____   _    ____  ____  _____ ____  
  _     \ \  |_   _| ____/ ___|_   _| |  _ \ / \  / ___|/ ___|| ____|  _ \ 
 (_)_____| |   | | |  _| \___ \ | |   | |_) / _ \ \___ \\___ \|  _| | | | |
  _|_____| |   | | | |___ ___) || |   |  __/ ___ \ ___) |___) | |___| |_| |
 (_)     | |   |_| |_____|____/ |_|   |_| /_/   \_\____/|____/|_____|____/ 
        /_/                                                                

Profile - Edit User
----------------------------------------------------------------------------
]]></system-err>
  </testcase>
  <testcase name="Profile - Edit User #3" classname="Nomizo app" time="74.54">
    <system-out><![CDATA[
Scenario Outline: Profile - Edit User                  &amp#27;[90m# src/test/resources/features/nomizo.feature:69&amp#27;[0m
  &amp#27;[32mGiven &amp#27;[0m&amp#27;[32mI am on loading page&amp#27;[0m                           &amp#27;[90m# Nomizo.steps.nomizoSteps.iAmOnLoadingPage()&amp#27;[0m
  &amp#27;[32mAnd &amp#27;[0m&amp#27;[32mI click skip button&amp#27;[0m                              &amp#27;[90m# Nomizo.steps.nomizoSteps.iClickSkipButton()&amp#27;[0m
  &amp#27;[32mAnd &amp#27;[0m&amp#27;[32mI input &amp#27;[0m&amp#27;[32m&amp#27;[1m"laksono651@gmail.com"&amp#27;[0m&amp#27;[32m email&amp#27;[0m             &amp#27;[90m# Nomizo.steps.nomizoSteps.iInputEmail(java.lang.String)&amp#27;[0m
  &amp#27;[32mAnd &amp#27;[0m&amp#27;[32mI input &amp#27;[0m&amp#27;[32m&amp#27;[1m"Test1234"&amp#27;[0m&amp#27;[32m password&amp#27;[0m                      &amp#27;[90m# Nomizo.steps.nomizoSteps.iInputPassword(java.lang.String)&amp#27;[0m
  &amp#27;[32mAnd &amp#27;[0m&amp#27;[32mI click login button&amp#27;[0m                             &amp#27;[90m# Nomizo.steps.nomizoSteps.iClickLoginButton()&amp#27;[0m
  &amp#27;[32mWhen &amp#27;[0m&amp#27;[32mI go to profile page&amp#27;[0m                            &amp#27;[90m# Nomizo.steps.nomizoSteps.iGoToProfilePage()&amp#27;[0m
  &amp#27;[32mAnd &amp#27;[0m&amp#27;[32mI click setting button&amp#27;[0m                           &amp#27;[90m# Nomizo.steps.nomizoSteps.iClickSettingButton()&amp#27;[0m
  &amp#27;[32mAnd &amp#27;[0m&amp#27;[32mI click edit profile button&amp#27;[0m                      &amp#27;[90m# Nomizo.steps.nomizoSteps.iClickEditProfileButton()&amp#27;[0m
  &amp#27;[32mThen &amp#27;[0m&amp#27;[32mI am on edit profile page&amp#27;[0m                       &amp#27;[90m# Nomizo.steps.nomizoSteps.iAmOnEditProfilePage()&amp#27;[0m
  &amp#27;[32mAnd &amp#27;[0m&amp#27;[32mI input &amp#27;[0m&amp#27;[32m&amp#27;[1m"babyyaga330"&amp#27;[0m&amp#27;[32m user&amp#27;[0m                       &amp#27;[90m# Nomizo.steps.nomizoSteps.iInputUser(java.lang.String)&amp#27;[0m
  &amp#27;[32mAnd &amp#27;[0m&amp#27;[32mI input &amp#27;[0m&amp#27;[32m&amp#27;[1m""&amp#27;[0m&amp#27;[32m full name&amp#27;[0m                             &amp#27;[90m# Nomizo.steps.nomizoSteps.iInputFullName(java.lang.String)&amp#27;[0m
  &amp#27;[32mAnd &amp#27;[0m&amp#27;[32mI input &amp#27;[0m&amp#27;[32m&amp#27;[1m"Hi I'm Andreas"&amp#27;[0m&amp#27;[32m bio&amp#27;[0m                     &amp#27;[90m# Nomizo.steps.nomizoSteps.iInputBio(java.lang.String)&amp#27;[0m
  &amp#27;[32mAnd &amp#27;[0m&amp#27;[32mI click save button profile&amp#27;[0m                      &amp#27;[90m# Nomizo.steps.nomizoSteps.iClickSaveButtonProfile()&amp#27;[0m
  &amp#27;[32mAnd &amp#27;[0m&amp#27;[32mvalidate the &amp#27;[0m&amp#27;[32m&amp#27;[1m"error null full name"&amp#27;[0m&amp#27;[32m edit profile&amp#27;[0m &amp#27;[90m# Nomizo.steps.nomizoSteps.validateTheEditProfile(java.lang.String)&amp#27;[0m
]]></system-out>
    <system-err><![CDATA[[main] INFO io.cucumber.core.plugin.SerenityReporter - Running feature from file:///D:/KULIAH/Alterra%20Academy/Final%20Project/Mobile/Nomizo-Mobile/src/test/resources/features/nomizo.feature
[main] WARN io.cucumber.core.plugin.SerenityReporter - Feature from file:///D:/KULIAH/Alterra%20Academy/Final%20Project/Mobile/Nomizo-Mobile/src/test/resources/features/nomizo.feature is not under the 'features' directory. Requirements report will not be correctly generated!
Jul 22, 2022 2:05:03 AM io.appium.java_client.remote.AppiumCommandExecutor$1 lambda$0
INFO: Detected dialect: W3C
]]></system-err>
  </testcase>
  <testcase name="Profile - Edit User #4" classname="Nomizo app" time="60.34">
    <system-out><![CDATA[
Scenario Outline: Profile - Edit User            &amp#27;[90m# src/test/resources/features/nomizo.feature:70&amp#27;[0m
  &amp#27;[32mGiven &amp#27;[0m&amp#27;[32mI am on loading page&amp#27;[0m                     &amp#27;[90m# Nomizo.steps.nomizoSteps.iAmOnLoadingPage()&amp#27;[0m
  &amp#27;[32mAnd &amp#27;[0m&amp#27;[32mI click skip button&amp#27;[0m                        &amp#27;[90m# Nomizo.steps.nomizoSteps.iClickSkipButton()&amp#27;[0m
  &amp#27;[32mAnd &amp#27;[0m&amp#27;[32mI input &amp#27;[0m&amp#27;[32m&amp#27;[1m"laksono651@gmail.com"&amp#27;[0m&amp#27;[32m email&amp#27;[0m       &amp#27;[90m# Nomizo.steps.nomizoSteps.iInputEmail(java.lang.String)&amp#27;[0m
  &amp#27;[32mAnd &amp#27;[0m&amp#27;[32mI input &amp#27;[0m&amp#27;[32m&amp#27;[1m"Test1234"&amp#27;[0m&amp#27;[32m password&amp#27;[0m                &amp#27;[90m# Nomizo.steps.nomizoSteps.iInputPassword(java.lang.String)&amp#27;[0m
  &amp#27;[32mAnd &amp#27;[0m&amp#27;[32mI click login button&amp#27;[0m                       &amp#27;[90m# Nomizo.steps.nomizoSteps.iClickLoginButton()&amp#27;[0m
  &amp#27;[32mWhen &amp#27;[0m&amp#27;[32mI go to profile page&amp#27;[0m                      &amp#27;[90m# Nomizo.steps.nomizoSteps.iGoToProfilePage()&amp#27;[0m
  &amp#27;[32mAnd &amp#27;[0m&amp#27;[32mI click setting button&amp#27;[0m                     &amp#27;[90m# Nomizo.steps.nomizoSteps.iClickSettingButton()&amp#27;[0m
  &amp#27;[32mAnd &amp#27;[0m&amp#27;[32mI click edit profile button&amp#27;[0m                &amp#27;[90m# Nomizo.steps.nomizoSteps.iClickEditProfileButton()&amp#27;[0m
  &amp#27;[32mThen &amp#27;[0m&amp#27;[32mI am on edit profile page&amp#27;[0m                 &amp#27;[90m# Nomizo.steps.nomizoSteps.iAmOnEditProfilePage()&amp#27;[0m
  &amp#27;[32mAnd &amp#27;[0m&amp#27;[32mI input &amp#27;[0m&amp#27;[32m&amp#27;[1m"babyyaga330"&amp#27;[0m&amp#27;[32m user&amp#27;[0m                 &amp#27;[90m# Nomizo.steps.nomizoSteps.iInputUser(java.lang.String)&amp#27;[0m
  &amp#27;[32mAnd &amp#27;[0m&amp#27;[32mI input &amp#27;[0m&amp#27;[32m&amp#27;[1m"Andreas Laksono"&amp#27;[0m&amp#27;[32m full name&amp#27;[0m        &amp#27;[90m# Nomizo.steps.nomizoSteps.iInputFullName(java.lang.String)&amp#27;[0m
  &amp#27;[32mAnd &amp#27;[0m&amp#27;[32mI input &amp#27;[0m&amp#27;[32m&amp#27;[1m""&amp#27;[0m&amp#27;[32m bio&amp#27;[0m                             &amp#27;[90m# Nomizo.steps.nomizoSteps.iInputBio(java.lang.String)&amp#27;[0m
  &amp#27;[32mAnd &amp#27;[0m&amp#27;[32mI click save button profile&amp#27;[0m                &amp#27;[90m# Nomizo.steps.nomizoSteps.iClickSaveButtonProfile()&amp#27;[0m
  &amp#27;[32mAnd &amp#27;[0m&amp#27;[32mvalidate the &amp#27;[0m&amp#27;[32m&amp#27;[1m"error null bio"&amp#27;[0m&amp#27;[32m edit profile&amp#27;[0m &amp#27;[90m# Nomizo.steps.nomizoSteps.validateTheEditProfile(java.lang.String)&amp#27;[0m
]]></system-out>
    <system-err><![CDATA[[main] INFO io.cucumber.core.plugin.SerenityReporter - Running feature from file:///D:/KULIAH/Alterra%20Academy/Final%20Project/Mobile/Nomizo-Mobile/src/test/resources/features/nomizo.feature
[main] WARN io.cucumber.core.plugin.SerenityReporter - Feature from file:///D:/KULIAH/Alterra%20Academy/Final%20Project/Mobile/Nomizo-Mobile/src/test/resources/features/nomizo.feature is not under the 'features' directory. Requirements report will not be correctly generated!
Jul 22, 2022 2:06:17 AM io.appium.java_client.remote.AppiumCommandExecutor$1 lambda$0
INFO: Detected dialect: W3C
]]></system-err>
  </testcase>
  <testcase name="Profile - Edit User #5" classname="Nomizo app" time="61.448">
    <system-out><![CDATA[
Scenario Outline: Profile - Edit User            &amp#27;[90m# src/test/resources/features/nomizo.feature:71&amp#27;[0m
  &amp#27;[32mGiven &amp#27;[0m&amp#27;[32mI am on loading page&amp#27;[0m                     &amp#27;[90m# Nomizo.steps.nomizoSteps.iAmOnLoadingPage()&amp#27;[0m
  &amp#27;[32mAnd &amp#27;[0m&amp#27;[32mI click skip button&amp#27;[0m                        &amp#27;[90m# Nomizo.steps.nomizoSteps.iClickSkipButton()&amp#27;[0m
  &amp#27;[32mAnd &amp#27;[0m&amp#27;[32mI input &amp#27;[0m&amp#27;[32m&amp#27;[1m"laksono651@gmail.com"&amp#27;[0m&amp#27;[32m email&amp#27;[0m       &amp#27;[90m# Nomizo.steps.nomizoSteps.iInputEmail(java.lang.String)&amp#27;[0m
  &amp#27;[32mAnd &amp#27;[0m&amp#27;[32mI input &amp#27;[0m&amp#27;[32m&amp#27;[1m"Test1234"&amp#27;[0m&amp#27;[32m password&amp#27;[0m                &amp#27;[90m# Nomizo.steps.nomizoSteps.iInputPassword(java.lang.String)&amp#27;[0m
  &amp#27;[32mAnd &amp#27;[0m&amp#27;[32mI click login button&amp#27;[0m                       &amp#27;[90m# Nomizo.steps.nomizoSteps.iClickLoginButton()&amp#27;[0m
  &amp#27;[32mWhen &amp#27;[0m&amp#27;[32mI go to profile page&amp#27;[0m                      &amp#27;[90m# Nomizo.steps.nomizoSteps.iGoToProfilePage()&amp#27;[0m
  &amp#27;[32mAnd &amp#27;[0m&amp#27;[32mI click setting button&amp#27;[0m                     &amp#27;[90m# Nomizo.steps.nomizoSteps.iClickSettingButton()&amp#27;[0m
  &amp#27;[32mAnd &amp#27;[0m&amp#27;[32mI click edit profile button&amp#27;[0m                &amp#27;[90m# Nomizo.steps.nomizoSteps.iClickEditProfileButton()&amp#27;[0m
  &amp#27;[32mThen &amp#27;[0m&amp#27;[32mI am on edit profile page&amp#27;[0m                 &amp#27;[90m# Nomizo.steps.nomizoSteps.iAmOnEditProfilePage()&amp#27;[0m
  &amp#27;[32mAnd &amp#27;[0m&amp#27;[32mI input &amp#27;[0m&amp#27;[32m&amp#27;[1m""&amp#27;[0m&amp#27;[32m user&amp#27;[0m                            &amp#27;[90m# Nomizo.steps.nomizoSteps.iInputUser(java.lang.String)&amp#27;[0m
  &amp#27;[32mAnd &amp#27;[0m&amp#27;[32mI input &amp#27;[0m&amp#27;[32m&amp#27;[1m""&amp#27;[0m&amp#27;[32m full name&amp#27;[0m                       &amp#27;[90m# Nomizo.steps.nomizoSteps.iInputFullName(java.lang.String)&amp#27;[0m
  &amp#27;[32mAnd &amp#27;[0m&amp#27;[32mI input &amp#27;[0m&amp#27;[32m&amp#27;[1m""&amp#27;[0m&amp#27;[32m bio&amp#27;[0m                             &amp#27;[90m# Nomizo.steps.nomizoSteps.iInputBio(java.lang.String)&amp#27;[0m
  &amp#27;[32mAnd &amp#27;[0m&amp#27;[32mI click save button profile&amp#27;[0m                &amp#27;[90m# Nomizo.steps.nomizoSteps.iClickSaveButtonProfile()&amp#27;[0m
  &amp#27;[32mAnd &amp#27;[0m&amp#27;[32mvalidate the &amp#27;[0m&amp#27;[32m&amp#27;[1m"error null all"&amp#27;[0m&amp#27;[32m edit profile&amp#27;[0m &amp#27;[90m# Nomizo.steps.nomizoSteps.validateTheEditProfile(java.lang.String)&amp#27;[0m
]]></system-out>
    <system-err><![CDATA[[main] INFO io.cucumber.core.plugin.SerenityReporter - Running feature from file:///D:/KULIAH/Alterra%20Academy/Final%20Project/Mobile/Nomizo-Mobile/src/test/resources/features/nomizo.feature
[main] WARN io.cucumber.core.plugin.SerenityReporter - Feature from file:///D:/KULIAH/Alterra%20Academy/Final%20Project/Mobile/Nomizo-Mobile/src/test/resources/features/nomizo.feature is not under the 'features' directory. Requirements report will not be correctly generated!
Jul 22, 2022 2:07:18 AM io.appium.java_client.remote.AppiumCommandExecutor$1 lambda$0
INFO: Detected dialect: W3C
]]></system-err>
  </testcase>
  <testcase name="Profile - View populer post" classname="Nomizo app" time="36.55">
    <system-out><![CDATA[
Scenario: Profile - View populer post              &amp#27;[90m# src/test/resources/features/nomizo.feature:73&amp#27;[0m
  &amp#27;[32mGiven &amp#27;[0m&amp#27;[32mI am on loading page&amp#27;[0m                       &amp#27;[90m# Nomizo.steps.nomizoSteps.iAmOnLoadingPage()&amp#27;[0m
  &amp#27;[32mAnd &amp#27;[0m&amp#27;[32mI click skip button&amp#27;[0m                          &amp#27;[90m# Nomizo.steps.nomizoSteps.iClickSkipButton()&amp#27;[0m
  &amp#27;[32mWhen &amp#27;[0m&amp#27;[32mI input &amp#27;[0m&amp#27;[32m&amp#27;[1m"laksono651@gmail.com"&amp#27;[0m&amp#27;[32m email&amp#27;[0m        &amp#27;[90m# Nomizo.steps.nomizoSteps.iInputEmail(java.lang.String)&amp#27;[0m
  &amp#27;[32mAnd &amp#27;[0m&amp#27;[32mI input &amp#27;[0m&amp#27;[32m&amp#27;[1m"Test1234"&amp#27;[0m&amp#27;[32m password&amp#27;[0m                  &amp#27;[90m# Nomizo.steps.nomizoSteps.iInputPassword(java.lang.String)&amp#27;[0m
  &amp#27;[32mAnd &amp#27;[0m&amp#27;[32mI click login button&amp#27;[0m                         &amp#27;[90m# Nomizo.steps.nomizoSteps.iClickLoginButton()&amp#27;[0m
  &amp#27;[32mThen &amp#27;[0m&amp#27;[32mI go to profile page&amp#27;[0m                        &amp#27;[90m# Nomizo.steps.nomizoSteps.iGoToProfilePage()&amp#27;[0m
  &amp#27;[32mAnd &amp#27;[0m&amp#27;[32mI click populer post&amp#27;[0m                         &amp#27;[90m# Nomizo.steps.nomizoSteps.iClickPopulerPost()&amp#27;[0m
  &amp#27;[32mAnd &amp#27;[0m&amp#27;[32mI validate response after click populer post&amp#27;[0m &amp#27;[90m# Nomizo.steps.nomizoSteps.iValidateResponseAfterClickPopulerPost()&amp#27;[0m
]]></system-out>
    <system-err><![CDATA[[main] INFO io.cucumber.core.plugin.SerenityReporter - Running feature from file:///D:/KULIAH/Alterra%20Academy/Final%20Project/Mobile/Nomizo-Mobile/src/test/resources/features/nomizo.feature
[main] WARN io.cucumber.core.plugin.SerenityReporter - Feature from file:///D:/KULIAH/Alterra%20Academy/Final%20Project/Mobile/Nomizo-Mobile/src/test/resources/features/nomizo.feature is not under the 'features' directory. Requirements report will not be correctly generated!
[main] INFO  - 
 _____ _____ ____ _____   ____ _____  _    ____ _____ _____ ____  
|_   _| ____/ ___|_   _| / ___|_   _|/ \  |  _ \_   _| ____|  _ \ 
  | | |  _| \___ \ | |   \___ \ | | / _ \ | |_) || | |  _| | | | |
  | | | |___ ___) || |    ___) || |/ ___ \|  _ < | | | |___| |_| |
  |_| |_____|____/ |_|   |____/ |_/_/   \_\_| \_\|_| |_____|____/ 

Profile - View populer post(nomizo-app;profile---view-populer-post)
-------------------------------------------------------------------
Jul 22, 2022 2:08:18 AM io.appium.java_client.remote.AppiumCommandExecutor$1 lambda$0
INFO: Detected dialect: W3C
[main] INFO  - 
        __    _____ _____ ____ _____   ____   _    ____  ____  _____ ____  
  _     \ \  |_   _| ____/ ___|_   _| |  _ \ / \  / ___|/ ___|| ____|  _ \ 
 (_)_____| |   | | |  _| \___ \ | |   | |_) / _ \ \___ \\___ \|  _| | | | |
  _|_____| |   | | | |___ ___) || |   |  __/ ___ \ ___) |___) | |___| |_| |
 (_)     | |   |_| |_____|____/ |_|   |_| /_/   \_\____/|____/|_____|____/ 
        /_/                                                                

Profile - View populer post
----------------------------------------------------------------------------
]]></system-err>
  </testcase>
  <testcase name="Profile - View latest post" classname="Nomizo app" time="35.79">
    <system-out><![CDATA[
Scenario: Profile - View latest post              &amp#27;[90m# src/test/resources/features/nomizo.feature:83&amp#27;[0m
  &amp#27;[32mGiven &amp#27;[0m&amp#27;[32mI am on loading page&amp#27;[0m                      &amp#27;[90m# Nomizo.steps.nomizoSteps.iAmOnLoadingPage()&amp#27;[0m
  &amp#27;[32mAnd &amp#27;[0m&amp#27;[32mI click skip button&amp#27;[0m                         &amp#27;[90m# Nomizo.steps.nomizoSteps.iClickSkipButton()&amp#27;[0m
  &amp#27;[32mWhen &amp#27;[0m&amp#27;[32mI input &amp#27;[0m&amp#27;[32m&amp#27;[1m"laksono651@gmail.com"&amp#27;[0m&amp#27;[32m email&amp#27;[0m       &amp#27;[90m# Nomizo.steps.nomizoSteps.iInputEmail(java.lang.String)&amp#27;[0m
  &amp#27;[32mAnd &amp#27;[0m&amp#27;[32mI input &amp#27;[0m&amp#27;[32m&amp#27;[1m"Test1234"&amp#27;[0m&amp#27;[32m password&amp#27;[0m                 &amp#27;[90m# Nomizo.steps.nomizoSteps.iInputPassword(java.lang.String)&amp#27;[0m
  &amp#27;[32mAnd &amp#27;[0m&amp#27;[32mI click login button&amp#27;[0m                        &amp#27;[90m# Nomizo.steps.nomizoSteps.iClickLoginButton()&amp#27;[0m
  &amp#27;[32mThen &amp#27;[0m&amp#27;[32mI go to profile page&amp#27;[0m                       &amp#27;[90m# Nomizo.steps.nomizoSteps.iGoToProfilePage()&amp#27;[0m
  &amp#27;[32mAnd &amp#27;[0m&amp#27;[32mI click latest post&amp#27;[0m                         &amp#27;[90m# Nomizo.steps.nomizoSteps.iClickLatestPost()&amp#27;[0m
  &amp#27;[32mAnd &amp#27;[0m&amp#27;[32mI validate response after click latest post&amp#27;[0m &amp#27;[90m# Nomizo.steps.nomizoSteps.iValidateResponseAfterClickLatestPost()&amp#27;[0m
]]></system-out>
    <system-err><![CDATA[[main] INFO io.cucumber.core.plugin.SerenityReporter - Running feature from file:///D:/KULIAH/Alterra%20Academy/Final%20Project/Mobile/Nomizo-Mobile/src/test/resources/features/nomizo.feature
[main] WARN io.cucumber.core.plugin.SerenityReporter - Feature from file:///D:/KULIAH/Alterra%20Academy/Final%20Project/Mobile/Nomizo-Mobile/src/test/resources/features/nomizo.feature is not under the 'features' directory. Requirements report will not be correctly generated!
[main] INFO  - 
 _____ _____ ____ _____   ____ _____  _    ____ _____ _____ ____  
|_   _| ____/ ___|_   _| / ___|_   _|/ \  |  _ \_   _| ____|  _ \ 
  | | |  _| \___ \ | |   \___ \ | | / _ \ | |_) || | |  _| | | | |
  | | | |___ ___) || |    ___) || |/ ___ \|  _ < | | | |___| |_| |
  |_| |_____|____/ |_|   |____/ |_/_/   \_\_| \_\|_| |_____|____/ 

Profile - View latest post(nomizo-app;profile---view-latest-post)
-------------------------------------------------------------------
Jul 22, 2022 2:08:55 AM io.appium.java_client.remote.AppiumCommandExecutor$1 lambda$0
INFO: Detected dialect: W3C
[main] INFO  - 
        __    _____ _____ ____ _____   ____   _    ____  ____  _____ ____  
  _     \ \  |_   _| ____/ ___|_   _| |  _ \ / \  / ___|/ ___|| ____|  _ \ 
 (_)_____| |   | | |  _| \___ \ | |   | |_) / _ \ \___ \\___ \|  _| | | | |
  _|_____| |   | | | |___ ___) || |   |  __/ ___ \ ___) |___) | |___| |_| |
 (_)     | |   |_| |_____|____/ |_|   |_| /_/   \_\____/|____/|_____|____/ 
        /_/                                                                

Profile - View latest post
----------------------------------------------------------------------------
]]></system-err>
  </testcase>
  <testcase name="Profile - Search #1" classname="Nomizo app" time="85.4">
    <system-out><![CDATA[
Scenario Outline: Profile - Search                      &amp#27;[90m# src/test/resources/features/nomizo.feature:105&amp#27;[0m
  &amp#27;[32mGiven &amp#27;[0m&amp#27;[32mI am on loading page&amp#27;[0m                            &amp#27;[90m# Nomizo.steps.nomizoSteps.iAmOnLoadingPage()&amp#27;[0m
  &amp#27;[32mAnd &amp#27;[0m&amp#27;[32mI click skip button&amp#27;[0m                               &amp#27;[90m# Nomizo.steps.nomizoSteps.iClickSkipButton()&amp#27;[0m
  &amp#27;[32mWhen &amp#27;[0m&amp#27;[32mI input &amp#27;[0m&amp#27;[32m&amp#27;[1m"laksono651@gmail.com"&amp#27;[0m&amp#27;[32m email&amp#27;[0m             &amp#27;[90m# Nomizo.steps.nomizoSteps.iInputEmail(java.lang.String)&amp#27;[0m
  &amp#27;[32mAnd &amp#27;[0m&amp#27;[32mI input &amp#27;[0m&amp#27;[32m&amp#27;[1m"Test1234"&amp#27;[0m&amp#27;[32m password&amp#27;[0m                       &amp#27;[90m# Nomizo.steps.nomizoSteps.iInputPassword(java.lang.String)&amp#27;[0m
  &amp#27;[32mAnd &amp#27;[0m&amp#27;[32mI click login button&amp#27;[0m                              &amp#27;[90m# Nomizo.steps.nomizoSteps.iClickLoginButton()&amp#27;[0m
  &amp#27;[32mThen &amp#27;[0m&amp#27;[32mI go to profile page&amp#27;[0m                             &amp#27;[90m# Nomizo.steps.nomizoSteps.iGoToProfilePage()&amp#27;[0m
  &amp#27;[32mAnd &amp#27;[0m&amp#27;[32mI click button search in profile&amp#27;[0m                  &amp#27;[90m# Nomizo.steps.nomizoSteps.iClickButtonSearchInProfile()&amp#27;[0m
  &amp#27;[32mAnd &amp#27;[0m&amp#27;[32mI input &amp#27;[0m&amp#27;[32m&amp#27;[1m"food"&amp#27;[0m&amp#27;[32m field&amp#27;[0m                              &amp#27;[90m# Nomizo.steps.nomizoSteps.iInputField(java.lang.String)&amp#27;[0m
  &amp#27;[32mAnd &amp#27;[0m&amp#27;[32mI validate &amp#27;[0m&amp#27;[32m&amp#27;[1m"success"&amp#27;[0m&amp#27;[32m after search in profile page&amp#27;[0m &amp#27;[90m# Nomizo.steps.nomizoSteps.iValidateAfterSearchInProfilePage(java.lang.String)&amp#27;[0m
]]></system-out>
    <system-err><![CDATA[[main] INFO io.cucumber.core.plugin.SerenityReporter - Running feature from file:///D:/KULIAH/Alterra%20Academy/Final%20Project/Mobile/Nomizo-Mobile/src/test/resources/features/nomizo.feature
[main] WARN io.cucumber.core.plugin.SerenityReporter - Feature from file:///D:/KULIAH/Alterra%20Academy/Final%20Project/Mobile/Nomizo-Mobile/src/test/resources/features/nomizo.feature is not under the 'features' directory. Requirements report will not be correctly generated!
[main] INFO  - 
 _____ _____ ____ _____   ____ _____  _    ____ _____ _____ ____  
|_   _| ____/ ___|_   _| / ___|_   _|/ \  |  _ \_   _| ____|  _ \ 
  | | |  _| \___ \ | |   \___ \ | | / _ \ | |_) || | |  _| | | | |
  | | | |___ ___) || |    ___) || |/ ___ \|  _ < | | | |___| |_| |
  |_| |_____|____/ |_|   |____/ |_/_/   \_\_| \_\|_| |_____|____/ 

Profile - Search(nomizo-app;profile---search)
-------------------------------------------------------------------
Jul 22, 2022 2:09:35 AM io.appium.java_client.remote.AppiumCommandExecutor$1 lambda$0
INFO: Detected dialect: W3C
[main] INFO  - 
        __    _____ _____ ____ _____   ____   _    ____  ____  _____ ____  
  _     \ \  |_   _| ____/ ___|_   _| |  _ \ / \  / ___|/ ___|| ____|  _ \ 
 (_)_____| |   | | |  _| \___ \ | |   | |_) / _ \ \___ \\___ \|  _| | | | |
  _|_____| |   | | | |___ ___) || |   |  __/ ___ \ ___) |___) | |___| |_| |
 (_)     | |   |_| |_____|____/ |_|   |_| /_/   \_\____/|____/|_____|____/ 
        /_/                                                                

Profile - Search
----------------------------------------------------------------------------
]]></system-err>
  </testcase>
  <testcase name="Profile - Search #2" classname="Nomizo app" time="77.242">
    <system-out><![CDATA[
Scenario Outline: Profile - Search                     &amp#27;[90m# src/test/resources/features/nomizo.feature:106&amp#27;[0m
  &amp#27;[32mGiven &amp#27;[0m&amp#27;[32mI am on loading page&amp#27;[0m                           &amp#27;[90m# Nomizo.steps.nomizoSteps.iAmOnLoadingPage()&amp#27;[0m
  &amp#27;[32mAnd &amp#27;[0m&amp#27;[32mI click skip button&amp#27;[0m                              &amp#27;[90m# Nomizo.steps.nomizoSteps.iClickSkipButton()&amp#27;[0m
  &amp#27;[32mWhen &amp#27;[0m&amp#27;[32mI input &amp#27;[0m&amp#27;[32m&amp#27;[1m"laksono651@gmail.com"&amp#27;[0m&amp#27;[32m email&amp#27;[0m            &amp#27;[90m# Nomizo.steps.nomizoSteps.iInputEmail(java.lang.String)&amp#27;[0m
  &amp#27;[32mAnd &amp#27;[0m&amp#27;[32mI input &amp#27;[0m&amp#27;[32m&amp#27;[1m"Test1234"&amp#27;[0m&amp#27;[32m password&amp#27;[0m                      &amp#27;[90m# Nomizo.steps.nomizoSteps.iInputPassword(java.lang.String)&amp#27;[0m
  &amp#27;[32mAnd &amp#27;[0m&amp#27;[32mI click login button&amp#27;[0m                             &amp#27;[90m# Nomizo.steps.nomizoSteps.iClickLoginButton()&amp#27;[0m
  &amp#27;[32mThen &amp#27;[0m&amp#27;[32mI go to profile page&amp#27;[0m                            &amp#27;[90m# Nomizo.steps.nomizoSteps.iGoToProfilePage()&amp#27;[0m
  &amp#27;[32mAnd &amp#27;[0m&amp#27;[32mI click button search in profile&amp#27;[0m                 &amp#27;[90m# Nomizo.steps.nomizoSteps.iClickButtonSearchInProfile()&amp#27;[0m
  &amp#27;[32mAnd &amp#27;[0m&amp#27;[32mI input &amp#27;[0m&amp#27;[32m&amp#27;[1m""&amp#27;[0m&amp#27;[32m field&amp#27;[0m                                 &amp#27;[90m# Nomizo.steps.nomizoSteps.iInputField(java.lang.String)&amp#27;[0m
  &amp#27;[32mAnd &amp#27;[0m&amp#27;[32mI validate &amp#27;[0m&amp#27;[32m&amp#27;[1m"failed"&amp#27;[0m&amp#27;[32m after search in profile page&amp#27;[0m &amp#27;[90m# Nomizo.steps.nomizoSteps.iValidateAfterSearchInProfilePage(java.lang.String)&amp#27;[0m
]]></system-out>
    <system-err><![CDATA[[main] INFO io.cucumber.core.plugin.SerenityReporter - Running feature from file:///D:/KULIAH/Alterra%20Academy/Final%20Project/Mobile/Nomizo-Mobile/src/test/resources/features/nomizo.feature
[...]
	at io.cucumber.core.runner.TestCase.run(TestCase.java:99)
	at io.cucumber.core.runner.Runner.runPickle(Runner.java:71)
	at io.cucumber.junit.PickleRunners$NoStepDescriptions.run(PickleRunners.java:151)
	at io.cucumber.junit.FeatureRunner.runChild(FeatureRunner.java:135)
	at io.cucumber.junit.FeatureRunner.runChild(FeatureRunner.java:27)
	at org.junit.runners.ParentRunner$3.run(ParentRunner.java:290)
	at org.junit.runners.ParentRunner$1.schedule(ParentRunner.java:71)
	at org.junit.runners.ParentRunner.runChildren(ParentRunner.java:288)
	at org.junit.runners.ParentRunner.access$000(ParentRunner.java:58)
	at org.junit.runners.ParentRunner$2.evaluate(ParentRunner.java:268)
	at org.junit.runners.ParentRunner.run(ParentRunner.java:363)
	at io.cucumber.junit.CucumberSerenityRunner.runChild(CucumberSerenityRunner.java:234)
	at io.cucumber.junit.CucumberSerenityRunner.runChild(CucumberSerenityRunner.java:57)
	at org.junit.runners.ParentRunner$3.run(ParentRunner.java:290)
	at org.junit.runners.ParentRunner$1.schedule(ParentRunner.java:71)
	at org.junit.runners.ParentRunner.runChildren(ParentRunner.java:288)
	at org.junit.runners.ParentRunner.access$000(ParentRunner.java:58)
	at org.junit.runners.ParentRunner$2.evaluate(ParentRunner.java:268)
	at io.cucumber.junit.CucumberSerenityRunner$RunCucumber.evaluate(CucumberSerenityRunner.java:262)
	at org.junit.runners.ParentRunner.run(ParentRunner.java:363)
	at org.junit.runner.JUnitCore.run(JUnitCore.java:137)
	at org.junit.runner.JUnitCore.run(JUnitCore.java:115)
	at org.junit.vintage.engine.execution.RunnerExecutor.execute(RunnerExecutor.java:40)
	at java.base/java.util.stream.ForEachOps$ForEachOp$OfRef.accept(ForEachOps.java:183)
	at java.base/java.util.stream.ReferencePipeline$3$1.accept(ReferencePipeline.java:195)
	at java.base/java.util.Iterator.forEachRemaining(Iterator.java:133)
	at java.base/java.util.Spliterators$IteratorSpliterator.forEachRemaining(Spliterators.java:1801)
	at java.base/java.util.stream.AbstractPipeline.copyInto(AbstractPipeline.java:484)
	at java.base/java.util.stream.AbstractPipeline.wrapAndCopyInto(AbstractPipeline.java:474)
	at java.base/java.util.stream.ForEachOps$ForEachOp.evaluateSequential(ForEachOps.java:150)
	at java.base/java.util.stream.ForEachOps$ForEachOp$OfRef.evaluateSequential(ForEachOps.java:173)
	at java.base/java.util.stream.AbstractPipeline.evaluate(AbstractPipeline.java:234)
	at java.base/java.util.stream.ReferencePipeline.forEach(ReferencePipeline.java:497)
	at org.junit.vintage.engine.VintageTestEngine.executeAllChildren(VintageTestEngine.java:80)
	at org.junit.vintage.engine.VintageTestEngine.execute(VintageTestEngine.java:71)
	at org.junit.platform.launcher.core.DefaultLauncher.execute(DefaultLauncher.java:229)
	at org.junit.platform.launcher.core.DefaultLauncher.lambda$execute$6(DefaultLauncher.java:197)
	at org.junit.platform.launcher.core.DefaultLauncher.withInterceptedStreams(DefaultLauncher.java:211)
	at org.junit.platform.launcher.core.DefaultLauncher.execute(DefaultLauncher.java:191)
	at org.junit.platform.launcher.core.DefaultLauncher.execute(DefaultLauncher.java:128)
	at org.apache.maven.surefire.junitplatform.JUnitPlatformProvider.execute(JUnitPlatformProvider.java:188)
	at org.apache.maven.surefire.junitplatform.JUnitPlatformProvider.invokeAllTests(JUnitPlatformProvider.java:154)
	at org.apache.maven.surefire.junitplatform.JUnitPlatformProvider.invoke(JUnitPlatformProvider.java:128)
	at org.apache.maven.surefire.booter.ForkedBooter.runSuitesInProcess(ForkedBooter.java:428)
	at org.apache.maven.surefire.booter.ForkedBooter.execute(ForkedBooter.java:162)
	at org.apache.maven.surefire.booter.ForkedBooter.run(ForkedBooter.java:562)
	at org.apache.maven.surefire.booter.ForkedBooter.main(ForkedBooter.java:548)
&amp#27;[0m
  &amp#27;[36mAnd &amp#27;[0m&amp#27;[36mvalidate the result search&amp#27;[0m            &amp#27;[90m# Nomizo.steps.nomizoSteps.validateTheResultSearch()&amp#27;[0m

    Embedding file:///D:/KULIAH/Alterra%20Academy/Final%20Project/Mobile/Nomizo-Mobile/src/test/resources/features/nomizo.feature:222 [image/png 102641 bytes]

]]></system-out>
    <system-err><![CDATA[[main] INFO io.cucumber.core.plugin.SerenityReporter - Running feature from file:///D:/KULIAH/Alterra%20Academy/Final%20Project/Mobile/Nomizo-Mobile/src/test/resources/features/nomizo.feature
[main] WARN io.cucumber.core.plugin.SerenityReporter - Feature from file:///D:/KULIAH/Alterra%20Academy/Final%20Project/Mobile/Nomizo-Mobile/src/test/resources/features/nomizo.feature is not under the 'features' directory. Requirements report will not be correctly generated!
Jul 22, 2022 2:34:43 AM io.appium.java_client.remote.AppiumCommandExecutor$1 lambda$0
INFO: Detected dialect: W3C
]]></system-err>
  </testcase>
  <testcase name="Search #4" classname="Nomizo app" time="93.693">
    <error type="org.openqa.selenium.TimeoutException"><![CDATA[org.openqa.selenium.TimeoutException: Expected condition failed: waiting for visibility of element located by By.xpath: //android.view.View/android.view.View/android.view.View/android.view.View/android.view.View[1]/android.view.View (tried for 60 second(s) with 5000 milliseconds interval)
Caused by: org.openqa.selenium.NoSuchElementException: 
An element could not be located on the page using the given search parameters.
For documentation on this error, please visit: https://www.seleniumhq.org/exceptions/no_such_element.html
Build info: version: '3.141.59', revision: 'e82be7d358', time: '2018-11-14T08:17:03'
System info: host: 'DESKTOP-B1UUVVQ', ip: '192.168.0.172', os.name: 'Windows 10', os.arch: 'amd64', os.version: '10.0', java.version: '15.0.2'
Driver info: io.appium.java_client.android.AndroidDriver
Capabilities {app: D:\KULIAH\Alterra Academy\F..., appPackage: com.example.capstone_project, automationName: UIAutomator2, databaseEnabled: false, desired: {app: D:\KULIAH\Alterra Academy\F..., automationName: UIAutomator2, platformName: android, platformVersion: 11, resetKeyboard: true, unicodeKeyboard: true}, deviceApiLevel: 30, deviceManufacturer: unknown, deviceModel: Android SDK built for x86, deviceName: emulator-5554, deviceScreenDensity: 440, deviceScreenSize: 1080x2340, deviceUDID: emulator-5554, javascriptEnabled: true, locationContextEnabled: false, networkConnectionEnabled: true, pixelRatio: 2.75, platform: LINUX, platformName: Android, platformVersion: 11, resetKeyboard: true, statBarHeight: 136, takesScreenshot: true, unicodeKeyboard: true, viewportRect: {height: 1936, left: 0, top: 136, width: 1080}, warnings: {}, webStorageEnabled: false}
Session ID: 645198ed-9f5c-4a8c-80d7-789f8ff86cb5
*** Element info: {Using=xpath, value=//android.view.View/android.view.View/android.view.View/android.view.View/android.view.View[1]/android.view.View}
]]></error>
    <system-out><![CDATA[
Scenario Outline: Search                    &amp#27;[90m# src/test/resources/features/nomizo.feature:223&amp#27;[0m
  &amp#27;[32mGiven &amp#27;[0m&amp#27;[32mI am on loading page&amp#27;[0m                &amp#27;[90m# Nomizo.steps.nomizoSteps.iAmOnLoadingPage()&amp#27;[0m
  &amp#27;[32mAnd &amp#27;[0m&amp#27;[32mI click skip button&amp#27;[0m                   &amp#27;[90m# Nomizo.steps.nomizoSteps.iClickSkipButton()&amp#27;[0m
  &amp#27;[32mWhen &amp#27;[0m&amp#27;[32mI input &amp#27;[0m&amp#27;[32m&amp#27;[1m"laksono651@gmail.com"&amp#27;[0m&amp#27;[32m email&amp#27;[0m &amp#27;[90m# Nomizo.steps.nomizoSteps.iInputEmail(java.lang.String)&amp#27;[0m
  &amp#27;[32mAnd &amp#27;[0m&amp#27;[32mI input &amp#27;[0m&amp#27;[32m&amp#27;[1m"Test1234"&amp#27;[0m&amp#27;[32m password&amp#27;[0m           &amp#27;[90m# Nomizo.steps.nomizoSteps.iInputPassword(java.lang.String)&amp#27;[0m
  &amp#27;[32mAnd &amp#27;[0m&amp#27;[32mI click login button&amp#27;[0m                  &amp#27;[90m# Nomizo.steps.nomizoSteps.iClickLoginButton()&amp#27;[0m
  &amp#27;[32mAnd &amp#27;[0m&amp#27;[32mI am on home page&amp#27;[0m                     &amp#27;[90m# Nomizo.steps.nomizoSteps.iAmOnHomePage()&amp#27;[0m
  &amp#27;[32mThen &amp#27;[0m&amp#27;[32mI click search button&amp#27;[0m                &amp#27;[90m# Nomizo.steps.nomizoSteps.iClickSearchButton()&amp#27;[0m
  &amp#27;[32mAnd &amp#27;[0m&amp#27;[32mI click field search&amp#27;[0m                  &amp#27;[90m# Nomizo.steps.nomizoSteps.iClickFieldSearch()&amp#27;[0m
  &amp#27;[31mAnd &amp#27;[0m&amp#27;[31mI input &amp#27;[0m&amp#27;[31m&amp#27;[1m"Foods"&amp#27;[0m                       &amp#27;[90m# Nomizo.steps.nomizoSteps.iInput(java.lang.String)&amp#27;[0m
      &amp#27;[31morg.openqa.selenium.TimeoutException: Expected condition failed: waiting for visibility of element located by By.xpath: //android.view.View/android.view.View/android.view.View/android.view.View/android.view.View[1]/android.view.View (tried for 60 second(s) with 5000 milliseconds interval)
	at org.openqa.selenium.support.ui.WebDriverWait.timeoutException(WebDriverWait.java:95)
	at org.openqa.selenium.support.ui.FluentWait.until(FluentWait.java:272)
	at Nomizo.Mobile@1.0-SNAPSHOT/Nomizo.base.BasePageObject.find(BasePageObject.java:23)
	at Nomizo.Mobile@1.0-SNAPSHOT/Nomizo.base.BasePageObject.sendKeys(BasePageObject.java:43)
	at Nomizo.Mobile@1.0-SNAPSHOT/Nomizo.pages.search.searchPage.searchField(searchPage.java:18)
	at Nomizo.Mobile@1.0-SNAPSHOT/Nomizo.steps.nomizoSteps.iInput(nomizoSteps.java:234)
	at âœ½.I input "Foods"(file:///D:/KULIAH/Alterra%20Academy/Final%20Project/Mobile/Nomizo-Mobile/src/test/resources/features/nomizo.feature:215)
Caused by: org.openqa.selenium.NoSuchElementException: An element could not be located on the page using the given search parameters.
For documentation on this error, please visit: https://www.seleniumhq.org/exceptions/no_such_element.html
Build info: version: '3.141.59', revision: 'e82be7d358', time: '2018-11-14T08:17:03'
System info: host: 'DESKTOP-B1UUVVQ', ip: '192.168.0.172', os.name: 'Windows 10', os.arch: 'amd64', os.version: '10.0', java.version: '15.0.2'
Driver info: io.appium.java_client.android.AndroidDriver
Capabilities {app: D:\KULIAH\Alterra Academy\F..., appPackage: com.example.capstone_project, automationName: UIAutomator2, databaseEnabled: false, desired: {app: D:\KULIAH\Alterra Academy\F..., automationName: UIAutomator2, platformName: android, platformVersion: 11, resetKeyboard: true, unicodeKeyboard: true}, deviceApiLevel: 30, deviceManufacturer: unknown, deviceModel: Android SDK built for x86, deviceName: emulator-5554, deviceScreenDensity: 440, deviceScreenSize: 1080x2340, deviceUDID: emulator-5554, javascriptEnabled: true, locationContextEnabled: false, networkConnectionEnabled: true, pixelRatio: 2.75, platform: LINUX, platformName: Android, platformVersion: 11, resetKeyboard: true, statBarHeight: 136, takesScreenshot: true, unicodeKeyboard: true, viewportRect: {height: 1936, left: 0, top: 136, width: 1080}, warnings: {}, webStorageEnabled: false}
Session ID: 645198ed-9f5c-4a8c-80d7-789f8ff86cb5
*** Element info: {Using=xpath, value=//android.view.View/android.view.View/android.view.View/android.view.View/android.view.View[1]/android.view.View}
	at jdk.internal.reflect.GeneratedConstructorAccessor11.newInstance(Unknown Source)
	at java.base/jdk.internal.reflect.DelegatingConstructorAccessorImpl.newInstance(DelegatingConstructorAccessorImpl.java:45)
	at java.base/java.lang.reflect.Constructor.newInstanceWithCaller(Constructor.java:500)
	at java.base/java.lang.reflect.Constructor.newInstance(Constructor.java:481)
	at org.openqa.selenium.remote.http.W3CHttpResponseCodec.createException(W3CHttpResponseCodec.java:187)
	at org.openqa.selenium.remote.http.W3CHttpResponseCodec.decode(W3CHttpResponseCodec.java:122)
	at org.openqa.selenium.remote.http.W3CHttpResponseCodec.decode(W3CHttpResponseCodec.java:49)
	at org.openqa.selenium.remote.HttpCommandExecutor.execute(HttpCommandExecutor.java:158)
	at io.appium.java_client.remote.AppiumCommandExecutor.execute(AppiumCommandExecutor.java:250)
	at org.openqa.selenium.remote.RemoteWebDriver.execute(RemoteWebDriver.java:552)
	at io.appium.java_client.DefaultGenericMobileDriver.execute(DefaultGenericMobileDriver.java:41)
	at io.appium.java_client.AppiumDriver.execute(AppiumDriver.java:1)
	at io.appium.java_client.android.AndroidDriver.execute(AndroidDriver.java:1)
	at org.openqa.selenium.remote.RemoteWebDriver.findElement(RemoteWebDriver.java:323)
	at io.appium.java_client.DefaultGenericMobileDriver.findElement(DefaultGenericMobileDriver.java:61)
	at io.appium.java_client.AppiumDriver.findElement(AppiumDriver.java:1)
	at io.appium.java_client.android.AndroidDriver.findElement(AndroidDriver.java:1)
	at org.openqa.selenium.remote.RemoteWebDriver.findElementByXPath(RemoteWebDriver.java:428)
	at io.appium.java_client.DefaultGenericMobileDriver.findElementByXPath(DefaultGenericMobileDriver.java:151)
	at io.appium.java_client.AppiumDriver.findElementByXPath(AppiumDriver.java:1)
	at io.appium.java_client.android.AndroidDriver.findElementByXPath(AndroidDriver.java:1)
	at org.openqa.selenium.By$ByXPath.findElement(By.java:353)
	at org.openqa.selenium.remote.RemoteWebDriver.findElement(RemoteWebDriver.java:315)
	at io.appium.java_client.DefaultGenericMobileDriver.findElement(DefaultGenericMobileDriver.java:57)
	at io.appium.java_client.AppiumDriver.findElement(AppiumDriver.java:1)
	at io.appium.java_client.android.AndroidDriver.findElement(AndroidDriver.java:1)
	at org.openqa.selenium.support.ui.ExpectedConditions$7.apply(ExpectedConditions.java:205)
	at org.openqa.selenium.support.ui.ExpectedConditions$7.apply(ExpectedConditions.java:201)
	at org.openqa.selenium.support.ui.FluentWait.until(FluentWait.java:249)
	at Nomizo.Mobile@1.0-SNAPSHOT/Nomizo.base.BasePageObject.find(BasePageObject.java:23)
	at Nomizo.Mobile@1.0-SNAPSHOT/Nomizo.base.BasePageObject.sendKeys(BasePageObject.java:43)
	at Nomizo.Mobile@1.0-SNAPSHOT/Nomizo.pages.search.searchPage.searchField(searchPage.java:18)
	at Nomizo.Mobile@1.0-SNAPSHOT/Nomizo.steps.nomizoSteps.iInput(nomizoSteps.java:234)
	at java.base/jdk.internal.reflect.NativeMethodAccessorImpl.invoke0(Native Method)
	at java.base/jdk.internal.reflect.NativeMethodAccessorImpl.invoke(NativeMethodAccessorImpl.java:64)
	at java.base/jdk.internal.reflect.DelegatingMethodAccessorImpl.invoke(DelegatingMethodAccessorImpl.java:43)
	at java.base/java.lang.reflect.Method.invoke(Method.java:564)
	at io.cucumber.java.Invoker.doInvoke(Invoker.java:66)
	at io.cucumber.java.Invoker.invoke(Invoker.java:24)
	at io.cucumber.java.AbstractGlueDefinition.invokeMethod(AbstractGlueDefinition.java:47)
	at io.cucumber.java.JavaStepDefinition.execute(JavaStepDefinition.java:29)
	at io.cucumber.core.runner.CoreStepDefinition.execute(CoreStepDefinition.java:66)
	at io.cucumber.core.runner.PickleStepDefinitionMatch.runStep(PickleStepDefinitionMatch.java:63)
	at io.cucumber.core.runner.TestStep.executeStep(TestStep.java:92)
	at io.cucumber.core.runner.TestStep.run(TestStep.java:63)
	at io.cucumber.core.runner.PickleStepTestStep.run(PickleStepTestStep.java:49)
	at io.cucumber.core.runner.TestCase.run(TestCase.java:99)
	at io.cucumber.core.runner.Runner.runPickle(Runner.java:71)
	at io.cucumber.junit.PickleRunners$NoStepDescriptions.run(PickleRunners.java:151)
	at io.cucumber.junit.FeatureRunner.runChild(FeatureRunner.java:135)
	at io.cucumber.junit.FeatureRunner.runChild(FeatureRunner.java:27)
	at org.junit.runners.ParentRunner$3.run(ParentRunner.java:290)
	at org.junit.runners.ParentRunner$1.schedule(ParentRunner.java:71)
	at org.junit.runners.ParentRunner.runChildren(ParentRunner.java:288)
	at org.junit.runners.ParentRunner.access$000(ParentRunner.java:58)
	at org.junit.runners.ParentRunner$2.evaluate(ParentRunner.java:268)
	at org.junit.runners.ParentRunner.run(ParentRunner.java:363)
	at io.cucumber.junit.CucumberSerenityRunner.runChild(CucumberSerenityRunner.java:234)
	at io.cucumber.junit.CucumberSerenityRunner.runChild(CucumberSerenityRunner.java:57)
	at org.junit.runners.ParentRunner$3.run(ParentRunner.java:290)
	at org.junit.runners.ParentRunner$1.schedule(ParentRunner.java:71)
	at org.junit.runners.ParentRunner.runChildren(ParentRunner.java:288)
	at org.junit.runners.ParentRunner.access$000(ParentRunner.java:58)
	at org.junit.runners.ParentRunner$2.evaluate(ParentRunner.java:268)
	at io.cucumber.junit.CucumberSerenityRunner$RunCucumber.evaluate(CucumberSerenityRunner.java:262)
	at org.junit.runners.ParentRunner.run(ParentRunner.java:363)
	at org.junit.runner.JUnitCore.run(JUnitCore.java:137)
	at org.junit.runner.JUnitCore.run(JUnitCore.java:115)
	at org.junit.vintage.engine.execution.RunnerExecutor.execute(RunnerExecutor.java:40)
	at java.base/java.util.stream.ForEachOps$ForEachOp$OfRef.accept(ForEachOps.java:183)
	at java.base/java.util.stream.ReferencePipeline$3$1.accept(ReferencePipeline.java:195)
	at java.base/java.util.Iterator.forEachRemaining(Iterator.java:133)
	at java.base/java.util.Spliterators$IteratorSpliterator.forEachRemaining(Spliterators.java:1801)
	at java.base/java.util.stream.AbstractPipeline.copyInto(AbstractPipeline.java:484)
	at java.base/java.util.stream.AbstractPipeline.wrapAndCopyInto(AbstractPipeline.java:474)
	at java.base/java.util.stream.ForEachOps$ForEachOp.evaluateSequential(ForEachOps.java:150)
	at java.base/java.util.stream.ForEachOps$ForEachOp$OfRef.evaluateSequential(ForEachOps.java:173)
	at java.base/java.util.stream.AbstractPipeline.evaluate(AbstractPipeline.java:234)
	at java.base/java.util.stream.ReferencePipeline.forEach(ReferencePipeline.java:497)
	at org.junit.vintage.engine.VintageTestEngine.executeAllChildren(VintageTestEngine.java:80)
	at org.junit.vintage.engine.VintageTestEngine.execute(VintageTestEngine.java:71)
	at org.junit.platform.launcher.core.DefaultLauncher.execute(DefaultLauncher.java:229)
	at org.junit.platform.launcher.core.DefaultLauncher.lambda$execute$6(DefaultLauncher.java:197)
	at org.junit.platform.launcher.core.DefaultLauncher.withInterceptedStreams(DefaultLauncher.java:211)
	at org.junit.platform.launcher.core.DefaultLauncher.execute(DefaultLauncher.java:191)
	at org.junit.platform.launcher.core.DefaultLauncher.execute(DefaultLauncher.java:128)
	at org.apache.maven.surefire.junitplatform.JUnitPlatformProvider.execute(JUnitPlatformProvider.java:188)
	at org.apache.maven.surefire.junitplatform.JUnitPlatformProvider.invokeAllTests(JUnitPlatformProvider.java:154)
	at org.apache.maven.surefire.junitplatform.JUnitPlatformProvider.invoke(JUnitPlatformProvider.java:128)
	at org.apache.maven.surefire.booter.ForkedBooter.runSuitesInProcess(ForkedBooter.java:428)
	at org.apache.maven.surefire.booter.ForkedBooter.execute(ForkedBooter.java:162)
	at org.apache.maven.surefire.booter.ForkedBooter.run(ForkedBooter.java:562)
	at org.apache.maven.surefire.booter.ForkedBooter.main(ForkedBooter.java:548)
&amp#27;[0m
  &amp#27;[36mAnd &amp#27;[0m&amp#27;[36mI click &amp#27;[0m&amp#27;[36m&amp#27;[1m"kreator"&amp#27;[0m                     &amp#27;[90m# Nomizo.steps.nomizoSteps.iClick(java.lang.String)&amp#27;[0m
  &amp#27;[36mAnd &amp#27;[0m&amp#27;[36mvalidate the result search&amp#27;[0m            &amp#27;[90m# Nomizo.steps.nomizoSteps.validateTheResultSearch()&amp#27;[0m

    Embedding file:///D:/KULIAH/Alterra%20Academy/Final%20Project/Mobile/Nomizo-Mobile/src/test/resources/features/nomizo.feature:223 [image/png 102296 bytes]

]]></system-out>
    <system-err><![CDATA[[main] INFO io.cucumber.core.plugin.SerenityReporter - Running feature from file:///D:/KULIAH/Alterra%20Academy/Final%20Project/Mobile/Nomizo-Mobile/src/test/resources/features/nomizo.feature
[main] WARN io.cucumber.core.plugin.SerenityReporter - Feature from file:///D:/KULIAH/Alterra%20Academy/Final%20Project/Mobile/Nomizo-Mobile/src/test/resources/features/nomizo.feature is not under the 'features' directory. Requirements report will not be correctly generated!
Jul 22, 2022 2:36:18 AM io.appium.java_client.remote.AppiumCommandExecutor$1 lambda$0
INFO: Detected dialect: W3C
]]></system-err>
  </testcase>
</testsuite>